{"/workspace/frontend/src/components/AssetUploader.tsx": {"path":"/workspace/frontend/src/components/AssetUploader.tsx","statementMap":{"0":{"start":{"line":14,"column":16},"end":{"line":162,"column":null}},"1":{"start":{"line":15,"column":31},"end":{"line":15,"column":null}},"2":{"start":{"line":16,"column":23},"end":{"line":16,"column":null}},"3":{"start":{"line":19,"column":26},"end":{"line":45,"column":null}},"4":{"start":{"line":20,"column":16},"end":{"line":20,"column":null}},"5":{"start":{"line":21,"column":15},"end":{"line":21,"column":null}},"6":{"start":{"line":27,"column":2},"end":{"line":27,"column":null}},"7":{"start":{"line":28,"column":2},"end":{"line":28,"column":null}},"8":{"start":{"line":30,"column":2},"end":{"line":44,"column":null}},"9":{"start":{"line":31,"column":3},"end":{"line":31,"column":null}},"10":{"start":{"line":43,"column":3},"end":{"line":43,"column":null}},"11":{"start":{"line":47,"column":22},"end":{"line":53,"column":null}},"12":{"start":{"line":55,"column":21},"end":{"line":75,"column":null}},"13":{"start":{"line":56,"column":14},"end":{"line":56,"column":null}},"14":{"start":{"line":57,"column":2},"end":{"line":74,"column":null}},"15":{"start":{"line":59,"column":4},"end":{"line":59,"column":null}},"16":{"start":{"line":64,"column":4},"end":{"line":64,"column":null}},"17":{"start":{"line":68,"column":4},"end":{"line":68,"column":null}},"18":{"start":{"line":71,"column":4},"end":{"line":71,"column":null}},"19":{"start":{"line":73,"column":4},"end":{"line":73,"column":null}}},"fnMap":{"0":{"name":"AssetUploader2","decl":{"start":{"line":14,"column":16},"end":{"line":14,"column":29}},"loc":{"start":{"line":14,"column":57},"end":{"line":162,"column":1}},"line":14},"1":{"name":"(anonymous_1)","decl":{"start":{"line":19,"column":26},"end":{"line":19,"column":33}},"loc":{"start":{"line":19,"column":46},"end":{"line":45,"column":null}},"line":19},"2":{"name":"(anonymous_2)","decl":{"start":{"line":47,"column":22},"end":{"line":47,"column":23}},"loc":{"start":{"line":47,"column":43},"end":{"line":53,"column":null}},"line":47},"3":{"name":"(anonymous_3)","decl":{"start":{"line":55,"column":21},"end":{"line":55,"column":22}},"loc":{"start":{"line":55,"column":51},"end":{"line":75,"column":null}},"line":55}},"branchMap":{"0":{"loc":{"start":{"line":57,"column":2},"end":{"line":74,"column":null}},"type":"switch","locations":[{"start":{"line":58,"column":3},"end":{"line":59,"column":null}},{"start":{"line":60,"column":3},"end":{"line":60,"column":null}},{"start":{"line":61,"column":3},"end":{"line":61,"column":null}},{"start":{"line":62,"column":3},"end":{"line":62,"column":null}},{"start":{"line":63,"column":3},"end":{"line":64,"column":null}},{"start":{"line":65,"column":3},"end":{"line":65,"column":null}},{"start":{"line":66,"column":3},"end":{"line":66,"column":null}},{"start":{"line":67,"column":3},"end":{"line":68,"column":null}},{"start":{"line":69,"column":3},"end":{"line":69,"column":null}},{"start":{"line":70,"column":3},"end":{"line":71,"column":null}},{"start":{"line":72,"column":3},"end":{"line":73,"column":null}}],"line":57}},"s":{"0":2,"1":16,"2":16,"3":16,"4":4,"5":4,"6":4,"7":4,"8":4,"9":4,"10":3,"11":16,"12":16,"13":13,"14":13,"15":2,"16":4,"17":3,"18":2,"19":2},"f":{"0":16,"1":4,"2":1,"3":13},"b":{"0":[2,1,2,3,4,1,2,3,1,2,2]},"meta":{"lastBranch":1,"lastFunction":4,"lastStatement":20,"seen":{"s:14:16:162:Infinity":0,"f:14:16:14:29":0,"s:15:31:15:Infinity":1,"s:16:23:16:Infinity":2,"s:19:26:45:Infinity":3,"f:19:26:19:33":1,"s:20:16:20:Infinity":4,"s:21:15:21:Infinity":5,"s:27:2:27:Infinity":6,"s:28:2:28:Infinity":7,"s:30:2:44:Infinity":8,"s:31:3:31:Infinity":9,"s:43:3:43:Infinity":10,"s:47:22:53:Infinity":11,"f:47:22:47:23":2,"s:55:21:75:Infinity":12,"f:55:21:55:22":3,"s:56:14:56:Infinity":13,"b:58:3:59:Infinity:60:3:60:Infinity:61:3:61:Infinity:62:3:62:Infinity:63:3:64:Infinity:65:3:65:Infinity:66:3:66:Infinity:67:3:68:Infinity:69:3:69:Infinity:70:3:71:Infinity:72:3:73:Infinity":0,"s:57:2:74:Infinity":14,"s:59:4:59:Infinity":15,"s:64:4:64:Infinity":16,"s:68:4:68:Infinity":17,"s:71:4:71:Infinity":18,"s:73:4:73:Infinity":19}}}
,"/workspace/frontend/src/components/CanvasPlaceholder.tsx": {"path":"/workspace/frontend/src/components/CanvasPlaceholder.tsx","statementMap":{"0":{"start":{"line":15,"column":16},"end":{"line":166,"column":null}},"1":{"start":{"line":17,"column":21},"end":{"line":32,"column":null}},"2":{"start":{"line":18,"column":15},"end":{"line":18,"column":null}},"3":{"start":{"line":19,"column":20},"end":{"line":19,"column":null}},"4":{"start":{"line":20,"column":21},"end":{"line":20,"column":null}},"5":{"start":{"line":21,"column":14},"end":{"line":21,"column":null}},"6":{"start":{"line":22,"column":18},"end":{"line":22,"column":null}},"7":{"start":{"line":23,"column":18},"end":{"line":23,"column":null}},"8":{"start":{"line":25,"column":14},"end":{"line":25,"column":null}},"9":{"start":{"line":26,"column":14},"end":{"line":26,"column":null}},"10":{"start":{"line":28,"column":2},"end":{"line":31,"column":null}},"11":{"start":{"line":34,"column":1},"end":{"line":159,"column":null}},"12":{"start":{"line":34,"column":1},"end":{"line":34,"column":null}},"13":{"start":{"line":66,"column":9},"end":{"line":66,"column":35}},"14":{"start":{"line":67,"column":13},"end":{"line":67,"column":null}},"15":{"start":{"line":67,"column":13},"end":{"line":159,"column":null}},"16":{"start":{"line":89,"column":14},"end":{"line":89,"column":29}},"17":{"start":{"line":91,"column":19},"end":{"line":91,"column":null}},"18":{"start":{"line":91,"column":25},"end":{"line":91,"column":null}},"19":{"start":{"line":92,"column":26},"end":{"line":92,"column":null}},"20":{"start":{"line":92,"column":32},"end":{"line":92,"column":null}},"21":{"start":{"line":94,"column":7},"end":{"line":106,"column":null}},"22":{"start":{"line":94,"column":7},"end":{"line":94,"column":null}},"23":{"start":{"line":94,"column":7},"end":{"line":105,"column":50}},"24":{"start":{"line":105,"column":24},"end":{"line":105,"column":50}},"25":{"start":{"line":105,"column":50},"end":{"line":110,"column":null}},"26":{"start":{"line":110,"column":44},"end":{"line":110,"column":69}},"27":{"start":{"line":110,"column":69},"end":{"line":112,"column":null}},"28":{"start":{"line":111,"column":20},"end":{"line":111,"column":32}},"29":{"start":{"line":111,"column":32},"end":{"line":111,"column":null}},"30":{"start":{"line":111,"column":32},"end":{"line":112,"column":null}},"31":{"start":{"line":112,"column":43},"end":{"line":112,"column":53}},"32":{"start":{"line":112,"column":53},"end":{"line":112,"column":null}},"33":{"start":{"line":112,"column":53},"end":{"line":136,"column":null}},"34":{"start":{"line":120,"column":15},"end":{"line":120,"column":57}},"35":{"start":{"line":121,"column":19},"end":{"line":121,"column":null}},"36":{"start":{"line":121,"column":19},"end":{"line":132,"column":null}},"37":{"start":{"line":124,"column":21},"end":{"line":124,"column":67}},"38":{"start":{"line":125,"column":26},"end":{"line":129,"column":null}},"39":{"start":{"line":125,"column":27},"end":{"line":125,"column":null}},"40":{"start":{"line":125,"column":27},"end":{"line":127,"column":null}},"41":{"start":{"line":127,"column":59},"end":{"line":129,"column":null}},"42":{"start":{"line":129,"column":17},"end":{"line":129,"column":74}},"43":{"start":{"line":129,"column":74},"end":{"line":129,"column":null}},"44":{"start":{"line":132,"column":14},"end":{"line":136,"column":null}},"45":{"start":{"line":134,"column":22},"end":{"line":134,"column":64}},"46":{"start":{"line":134,"column":64},"end":{"line":134,"column":null}},"47":{"start":{"line":134,"column":64},"end":{"line":136,"column":null}},"48":{"start":{"line":136,"column":16},"end":{"line":136,"column":56}},"49":{"start":{"line":136,"column":56},"end":{"line":136,"column":null}},"50":{"start":{"line":136,"column":56},"end":{"line":153,"column":null}},"51":{"start":{"line":143,"column":20},"end":{"line":143,"column":44}},"52":{"start":{"line":143,"column":44},"end":{"line":143,"column":null}},"53":{"start":{"line":143,"column":44},"end":{"line":153,"column":null}},"54":{"start":{"line":153,"column":19},"end":{"line":153,"column":37}},"55":{"start":{"line":153,"column":37},"end":{"line":153,"column":null}},"56":{"start":{"line":153,"column":37},"end":{"line":106,"column":null}},"57":{"start":{"line":98,"column":16},"end":{"line":99,"column":null}},"58":{"start":{"line":102,"column":16},"end":{"line":102,"column":30}},"59":{"start":{"line":103,"column":15},"end":{"line":103,"column":34}},"60":{"start":{"line":106,"column":23},"end":{"line":106,"column":35}},"61":{"start":{"line":106,"column":35},"end":{"line":106,"column":null}},"62":{"start":{"line":159,"column":7},"end":{"line":159,"column":null}}},"fnMap":{"0":{"name":"CanvasPlaceholder2","decl":{"start":{"line":15,"column":16},"end":{"line":15,"column":33}},"loc":{"start":{"line":15,"column":65},"end":{"line":166,"column":1}},"line":15},"1":{"name":"(anonymous_1)","decl":{"start":{"line":17,"column":21},"end":{"line":17,"column":22}},"loc":{"start":{"line":17,"column":40},"end":{"line":32,"column":null}},"line":17},"2":{"name":"(anonymous_2)","decl":{"start":{"line":34,"column":1},"end":{"line":34,"column":null}},"loc":{"start":{"line":34,"column":1},"end":{"line":159,"column":null}},"line":34},"3":{"name":"(anonymous_3)","decl":{"start":{"line":66,"column":5},"end":{"line":66,"column":9}},"loc":{"start":{"line":66,"column":9},"end":{"line":66,"column":null}},"line":66},"4":{"name":"(anonymous_4)","decl":{"start":{"line":67,"column":5},"end":{"line":67,"column":13}},"loc":{"start":{"line":67,"column":13},"end":{"line":67,"column":null}},"line":67},"5":{"name":"(anonymous_5)","decl":{"start":{"line":67,"column":13},"end":{"line":67,"column":null}},"loc":{"start":{"line":67,"column":13},"end":{"line":159,"column":null}},"line":67},"6":{"name":"(anonymous_6)","decl":{"start":{"line":89,"column":10},"end":{"line":89,"column":14}},"loc":{"start":{"line":89,"column":14},"end":{"line":89,"column":null}},"line":89},"7":{"name":"(anonymous_7)","decl":{"start":{"line":90,"column":7},"end":{"line":90,"column":8}},"loc":{"start":{"line":90,"column":25},"end":{"line":159,"column":7}},"line":90},"8":{"name":"(anonymous_8)","decl":{"start":{"line":91,"column":19},"end":{"line":91,"column":25}},"loc":{"start":{"line":91,"column":25},"end":{"line":91,"column":null}},"line":91},"9":{"name":"(anonymous_9)","decl":{"start":{"line":92,"column":26},"end":{"line":92,"column":32}},"loc":{"start":{"line":92,"column":32},"end":{"line":92,"column":null}},"line":92},"10":{"name":"(anonymous_10)","decl":{"start":{"line":94,"column":7},"end":{"line":94,"column":null}},"loc":{"start":{"line":94,"column":7},"end":{"line":106,"column":null}},"line":94},"11":{"name":"(anonymous_11)","decl":{"start":{"line":105,"column":18},"end":{"line":105,"column":24}},"loc":{"start":{"line":105,"column":24},"end":{"line":105,"column":50}},"line":105},"12":{"name":"(anonymous_12)","decl":{"start":{"line":105,"column":50},"end":{"line":105,"column":null}},"loc":{"start":{"line":110,"column":44},"end":{"line":110,"column":69}},"line":110},"13":{"name":"(anonymous_13)","decl":{"start":{"line":111,"column":16},"end":{"line":111,"column":20}},"loc":{"start":{"line":111,"column":20},"end":{"line":111,"column":null}},"line":111},"14":{"name":"(anonymous_14)","decl":{"start":{"line":111,"column":32},"end":{"line":111,"column":null}},"loc":{"start":{"line":111,"column":32},"end":{"line":112,"column":null}},"line":111},"15":{"name":"(anonymous_15)","decl":{"start":{"line":120,"column":11},"end":{"line":120,"column":15}},"loc":{"start":{"line":120,"column":15},"end":{"line":120,"column":null}},"line":120},"16":{"name":"(anonymous_16)","decl":{"start":{"line":121,"column":11},"end":{"line":121,"column":19}},"loc":{"start":{"line":121,"column":19},"end":{"line":121,"column":null}},"line":121},"17":{"name":"(anonymous_17)","decl":{"start":{"line":121,"column":19},"end":{"line":121,"column":null}},"loc":{"start":{"line":121,"column":19},"end":{"line":136,"column":null}},"line":121},"18":{"name":"(anonymous_18)","decl":{"start":{"line":124,"column":17},"end":{"line":124,"column":21}},"loc":{"start":{"line":124,"column":21},"end":{"line":124,"column":null}},"line":124},"19":{"name":"(anonymous_19)","decl":{"start":{"line":125,"column":14},"end":{"line":125,"column":15}},"loc":{"start":{"line":125,"column":26},"end":{"line":129,"column":null}},"line":125},"20":{"name":"(anonymous_20)","decl":{"start":{"line":125,"column":27},"end":{"line":125,"column":null}},"loc":{"start":{"line":125,"column":27},"end":{"line":129,"column":null}},"line":125},"21":{"name":"(anonymous_21)","decl":{"start":{"line":127,"column":59},"end":{"line":127,"column":null}},"loc":{"start":{"line":129,"column":17},"end":{"line":129,"column":74}},"line":129},"22":{"name":"(anonymous_22)","decl":{"start":{"line":134,"column":18},"end":{"line":134,"column":22}},"loc":{"start":{"line":134,"column":22},"end":{"line":134,"column":null}},"line":134},"23":{"name":"(anonymous_23)","decl":{"start":{"line":134,"column":64},"end":{"line":134,"column":null}},"loc":{"start":{"line":134,"column":64},"end":{"line":136,"column":null}},"line":134},"24":{"name":"(anonymous_24)","decl":{"start":{"line":143,"column":16},"end":{"line":143,"column":20}},"loc":{"start":{"line":143,"column":20},"end":{"line":143,"column":null}},"line":143},"25":{"name":"(anonymous_25)","decl":{"start":{"line":143,"column":44},"end":{"line":143,"column":null}},"loc":{"start":{"line":143,"column":44},"end":{"line":153,"column":null}},"line":143},"26":{"name":"(anonymous_26)","decl":{"start":{"line":153,"column":37},"end":{"line":153,"column":null}},"loc":{"start":{"line":153,"column":37},"end":{"line":106,"column":null}},"line":153}},"branchMap":{"0":{"loc":{"start":{"line":91,"column":25},"end":{"line":91,"column":null}},"type":"binary-expr","locations":[{"start":{"line":91,"column":25},"end":{"line":91,"column":50}},{"start":{"line":91,"column":50},"end":{"line":91,"column":null}}],"line":91},"1":{"loc":{"start":{"line":110,"column":44},"end":{"line":110,"column":69}},"type":"binary-expr","locations":[{"start":{"line":110,"column":44},"end":{"line":110,"column":59}},{"start":{"line":110,"column":59},"end":{"line":110,"column":69}}],"line":110},"2":{"loc":{"start":{"line":129,"column":17},"end":{"line":129,"column":74}},"type":"cond-expr","locations":[{"start":{"line":129,"column":45},"end":{"line":129,"column":53}},{"start":{"line":129,"column":53},"end":{"line":129,"column":74}}],"line":129},"3":{"loc":{"start":{"line":99,"column":10},"end":{"line":99,"column":48}},"type":"cond-expr","locations":[{"start":{"line":99,"column":25},"end":{"line":99,"column":46}},{"start":{"line":99,"column":46},"end":{"line":99,"column":48}}],"line":99},"4":{"loc":{"start":{"line":106,"column":35},"end":{"line":106,"column":null}},"type":"binary-expr","locations":[{"start":{"line":106,"column":35},"end":{"line":106,"column":null}},{"start":{"line":106,"column":35},"end":{"line":106,"column":null}}],"line":106}},"s":{"0":1,"1":10,"2":24,"3":24,"4":24,"5":24,"6":24,"7":24,"8":24,"9":24,"10":24,"11":10,"12":10,"13":10,"14":2,"15":8,"16":8,"17":13,"18":26,"19":13,"20":26,"21":13,"22":13,"23":13,"24":1,"25":13,"26":13,"27":13,"28":13,"29":1,"30":1,"31":1,"32":1,"33":13,"34":13,"35":11,"36":11,"37":11,"38":18,"39":18,"40":18,"41":18,"42":18,"43":18,"44":11,"45":11,"46":1,"47":1,"48":1,"49":11,"50":13,"51":13,"52":5,"53":5,"54":5,"55":5,"56":13,"57":13,"58":13,"59":13,"60":13,"61":13,"62":10},"f":{"0":10,"1":24,"2":10,"3":10,"4":2,"5":8,"6":8,"7":13,"8":26,"9":26,"10":13,"11":1,"12":13,"13":13,"14":2,"15":13,"16":2,"17":11,"18":11,"19":18,"20":18,"21":18,"22":11,"23":2,"24":13,"25":10,"26":13},"b":{"0":[26,24],"1":[13,1],"2":[16,2],"3":[1,12],"4":[52,52]},"meta":{"lastBranch":5,"lastFunction":27,"lastStatement":63,"seen":{"s:15:16:166:Infinity":0,"f:15:16:15:33":0,"s:17:21:32:Infinity":1,"f:17:21:17:22":1,"s:18:15:18:Infinity":2,"s:19:20:19:Infinity":3,"s:20:21:20:Infinity":4,"s:21:14:21:Infinity":5,"s:22:18:22:Infinity":6,"s:23:18:23:Infinity":7,"s:25:14:25:Infinity":8,"s:26:14:26:Infinity":9,"s:28:2:31:Infinity":10,"s:34:1:159:Infinity":11,"f:34:1:34:Infinity":2,"s:34:1:34:Infinity":12,"f:66:5:66:9":3,"s:66:9:66:35":13,"f:67:5:67:13":4,"s:67:13:67:Infinity":14,"f:67:13:67:Infinity":5,"s:67:13:159:Infinity":15,"f:89:10:89:14":6,"s:89:14:89:29":16,"f:90:7:90:8":7,"s:91:19:91:Infinity":17,"f:91:19:91:25":8,"s:91:25:91:Infinity":18,"b:91:25:91:50:91:50:91:Infinity":0,"s:92:26:92:Infinity":19,"f:92:26:92:32":9,"s:92:32:92:Infinity":20,"s:94:7:106:Infinity":21,"f:94:7:94:Infinity":10,"s:94:7:94:Infinity":22,"s:94:7:105:50":23,"f:105:18:105:24":11,"s:105:24:105:50":24,"s:105:50:110:Infinity":25,"f:105:50:105:Infinity":12,"s:110:44:110:69":26,"b:110:44:110:59:110:59:110:69":1,"s:110:69:112:Infinity":27,"f:111:16:111:20":13,"s:111:20:111:32":28,"f:111:32:111:Infinity":14,"s:111:32:111:Infinity":29,"s:111:32:112:Infinity":30,"s:112:43:112:53":31,"s:112:53:112:Infinity":32,"s:112:53:136:Infinity":33,"f:120:11:120:15":15,"s:120:15:120:57":34,"f:121:11:121:19":16,"s:121:19:121:Infinity":35,"f:121:19:121:Infinity":17,"s:121:19:132:Infinity":36,"f:124:17:124:21":18,"s:124:21:124:67":37,"f:125:14:125:15":19,"s:125:26:129:Infinity":38,"f:125:27:125:Infinity":20,"s:125:27:125:Infinity":39,"s:125:27:127:Infinity":40,"s:127:59:129:Infinity":41,"f:127:59:127:Infinity":21,"s:129:17:129:74":42,"b:129:45:129:53:129:53:129:74":2,"s:129:74:129:Infinity":43,"s:132:14:136:Infinity":44,"f:134:18:134:22":22,"s:134:22:134:64":45,"f:134:64:134:Infinity":23,"s:134:64:134:Infinity":46,"s:134:64:136:Infinity":47,"s:136:16:136:56":48,"s:136:56:136:Infinity":49,"s:136:56:153:Infinity":50,"f:143:16:143:20":24,"s:143:20:143:44":51,"f:143:44:143:Infinity":25,"s:143:44:143:Infinity":52,"s:143:44:153:Infinity":53,"s:153:19:153:37":54,"s:153:37:153:Infinity":55,"s:153:37:106:Infinity":56,"f:153:37:153:Infinity":26,"s:98:16:99:Infinity":57,"b:99:25:99:46:99:46:99:48":3,"s:102:16:102:30":58,"s:103:15:103:34":59,"s:106:23:106:35":60,"s:106:35:106:Infinity":61,"b:106:35:106:Infinity:106:35:106:Infinity":4,"s:159:7:159:Infinity":62}}}
,"/workspace/frontend/src/components/Counter.tsx": {"path":"/workspace/frontend/src/components/Counter.tsx","statementMap":{"0":{"start":{"line":3,"column":24},"end":{"line":15,"column":null}},"1":{"start":{"line":4,"column":23},"end":{"line":4,"column":null}},"2":{"start":{"line":5,"column":1},"end":{"line":11,"column":null}},"3":{"start":{"line":5,"column":1},"end":{"line":5,"column":null}},"4":{"start":{"line":5,"column":1},"end":{"line":9,"column":39}},"5":{"start":{"line":9,"column":18},"end":{"line":9,"column":39}},"6":{"start":{"line":9,"column":39},"end":{"line":11,"column":null}},"7":{"start":{"line":11,"column":17},"end":{"line":11,"column":null}}},"fnMap":{"0":{"name":"Counter2","decl":{"start":{"line":3,"column":24},"end":{"line":3,"column":31}},"loc":{"start":{"line":3,"column":34},"end":{"line":15,"column":1}},"line":3},"1":{"name":"(anonymous_1)","decl":{"start":{"line":5,"column":1},"end":{"line":5,"column":null}},"loc":{"start":{"line":5,"column":1},"end":{"line":11,"column":null}},"line":5},"2":{"name":"(anonymous_2)","decl":{"start":{"line":9,"column":12},"end":{"line":9,"column":18}},"loc":{"start":{"line":9,"column":18},"end":{"line":9,"column":39}},"line":9}},"branchMap":{},"s":{"0":1,"1":2,"2":2,"3":2,"4":2,"5":2,"6":2,"7":2},"f":{"0":2,"1":2,"2":2},"b":{},"meta":{"lastBranch":0,"lastFunction":3,"lastStatement":8,"seen":{"s:3:24:15:Infinity":0,"f:3:24:3:31":0,"s:4:23:4:Infinity":1,"s:5:1:11:Infinity":2,"f:5:1:5:Infinity":1,"s:5:1:5:Infinity":3,"s:5:1:9:39":4,"f:9:12:9:18":2,"s:9:18:9:39":5,"s:9:39:11:Infinity":6,"s:11:17:11:Infinity":7}}}
,"/workspace/frontend/src/components/EntryDetailPane.tsx": {"path":"/workspace/frontend/src/components/EntryDetailPane.tsx","statementMap":{"0":{"start":{"line":27,"column":32},"end":{"line":27,"column":null}},"1":{"start":{"line":28,"column":30},"end":{"line":28,"column":null}},"2":{"start":{"line":29,"column":28},"end":{"line":29,"column":null}},"3":{"start":{"line":32,"column":1},"end":{"line":32,"column":null}},"4":{"start":{"line":32,"column":49},"end":{"line":32,"column":null}},"5":{"start":{"line":33,"column":17},"end":{"line":33,"column":null}},"6":{"start":{"line":37,"column":1},"end":{"line":57,"column":null}},"7":{"start":{"line":38,"column":17},"end":{"line":38,"column":null}},"8":{"start":{"line":39,"column":16},"end":{"line":44,"column":null}},"9":{"start":{"line":53,"column":2},"end":{"line":56,"column":null}},"10":{"start":{"line":61,"column":1},"end":{"line":61,"column":null}},"11":{"start":{"line":61,"column":47},"end":{"line":61,"column":null}},"12":{"start":{"line":62,"column":17},"end":{"line":62,"column":null}},"13":{"start":{"line":78,"column":1},"end":{"line":78,"column":null}},"14":{"start":{"line":82,"column":1},"end":{"line":82,"column":null}},"15":{"start":{"line":86,"column":15},"end":{"line":86,"column":null}},"16":{"start":{"line":87,"column":61},"end":{"line":87,"column":null}},"17":{"start":{"line":88,"column":34},"end":{"line":88,"column":null}},"18":{"start":{"line":89,"column":24},"end":{"line":89,"column":null}},"19":{"start":{"line":91,"column":20},"end":{"line":94,"column":null}},"20":{"start":{"line":92,"column":2},"end":{"line":92,"column":null}},"21":{"start":{"line":92,"column":20},"end":{"line":92,"column":null}},"22":{"start":{"line":93,"column":2},"end":{"line":93,"column":null}},"23":{"start":{"line":96,"column":1},"end":{"line":107,"column":null}},"24":{"start":{"line":97,"column":18},"end":{"line":97,"column":null}},"25":{"start":{"line":98,"column":2},"end":{"line":103,"column":null}},"26":{"start":{"line":99,"column":3},"end":{"line":99,"column":null}},"27":{"start":{"line":100,"column":3},"end":{"line":100,"column":null}},"28":{"start":{"line":101,"column":3},"end":{"line":101,"column":null}},"29":{"start":{"line":102,"column":3},"end":{"line":102,"column":null}},"30":{"start":{"line":104,"column":2},"end":{"line":106,"column":null}},"31":{"start":{"line":105,"column":3},"end":{"line":105,"column":null}},"32":{"start":{"line":109,"column":1},"end":{"line":109,"column":null}},"33":{"start":{"line":110,"column":1},"end":{"line":110,"column":null}},"34":{"start":{"line":114,"column":1},"end":{"line":120,"column":null}},"35":{"start":{"line":115,"column":2},"end":{"line":119,"column":null}},"36":{"start":{"line":122,"column":18},"end":{"line":122,"column":null}},"37":{"start":{"line":123,"column":20},"end":{"line":123,"column":null}},"38":{"start":{"line":124,"column":1},"end":{"line":126,"column":null}},"39":{"start":{"line":125,"column":2},"end":{"line":125,"column":null}},"40":{"start":{"line":131,"column":25},"end":{"line":131,"column":null}},"41":{"start":{"line":131,"column":65},"end":{"line":131,"column":94}},"42":{"start":{"line":133,"column":25},"end":{"line":138,"column":null}},"43":{"start":{"line":136,"column":4},"end":{"line":136,"column":null}},"44":{"start":{"line":138,"column":24},"end":{"line":138,"column":33}},"45":{"start":{"line":140,"column":25},"end":{"line":143,"column":null}},"46":{"start":{"line":141,"column":23},"end":{"line":141,"column":78}},"47":{"start":{"line":146,"column":30},"end":{"line":146,"column":null}},"48":{"start":{"line":147,"column":1},"end":{"line":165,"column":null}},"49":{"start":{"line":148,"column":18},"end":{"line":148,"column":null}},"50":{"start":{"line":149,"column":2},"end":{"line":149,"column":null}},"51":{"start":{"line":149,"column":16},"end":{"line":149,"column":null}},"52":{"start":{"line":150,"column":16},"end":{"line":150,"column":null}},"53":{"start":{"line":151,"column":2},"end":{"line":151,"column":null}},"54":{"start":{"line":151,"column":14},"end":{"line":151,"column":null}},"55":{"start":{"line":167,"column":1},"end":{"line":167,"column":null}},"56":{"start":{"line":176,"column":17},"end":{"line":180,"column":null}},"57":{"start":{"line":181,"column":1},"end":{"line":187,"column":null}},"58":{"start":{"line":182,"column":2},"end":{"line":182,"column":null}},"59":{"start":{"line":190,"column":16},"end":{"line":577,"column":null}},"60":{"start":{"line":191,"column":25},"end":{"line":191,"column":null}},"61":{"start":{"line":193,"column":39},"end":{"line":193,"column":null}},"62":{"start":{"line":194,"column":27},"end":{"line":194,"column":null}},"63":{"start":{"line":195,"column":29},"end":{"line":195,"column":null}},"64":{"start":{"line":196,"column":43},"end":{"line":196,"column":null}},"65":{"start":{"line":197,"column":43},"end":{"line":200,"column":null}},"66":{"start":{"line":201,"column":47},"end":{"line":201,"column":null}},"67":{"start":{"line":202,"column":47},"end":{"line":202,"column":null}},"68":{"start":{"line":203,"column":33},"end":{"line":203,"column":null}},"69":{"start":{"line":205,"column":40},"end":{"line":231,"column":null}},"70":{"start":{"line":207,"column":16},"end":{"line":207,"column":null}},"71":{"start":{"line":208,"column":19},"end":{"line":208,"column":null}},"72":{"start":{"line":217,"column":3},"end":{"line":229,"column":null}},"73":{"start":{"line":218,"column":4},"end":{"line":218,"column":null}},"74":{"start":{"line":219,"column":4},"end":{"line":223,"column":null}},"75":{"start":{"line":228,"column":4},"end":{"line":228,"column":null}},"76":{"start":{"line":233,"column":7},"end":{"line":238,"column":null}},"77":{"start":{"line":234,"column":19},"end":{"line":234,"column":null}},"78":{"start":{"line":235,"column":2},"end":{"line":235,"column":null}},"79":{"start":{"line":235,"column":17},"end":{"line":235,"column":null}},"80":{"start":{"line":236,"column":25},"end":{"line":236,"column":null}},"81":{"start":{"line":237,"column":2},"end":{"line":237,"column":null}},"82":{"start":{"line":237,"column":44},"end":{"line":237,"column":71}},"83":{"start":{"line":240,"column":7},"end":{"line":240,"column":null}},"84":{"start":{"line":240,"column":41},"end":{"line":240,"column":92}},"85":{"start":{"line":242,"column":53},"end":{"line":242,"column":null}},"86":{"start":{"line":243,"column":1},"end":{"line":263,"column":null}},"87":{"start":{"line":249,"column":2},"end":{"line":249,"column":null}},"88":{"start":{"line":250,"column":2},"end":{"line":250,"column":null}},"89":{"start":{"line":251,"column":2},"end":{"line":261,"column":null}},"90":{"start":{"line":265,"column":1},"end":{"line":267,"column":null}},"91":{"start":{"line":266,"column":2},"end":{"line":266,"column":null}},"92":{"start":{"line":270,"column":1},"end":{"line":282,"column":null}},"93":{"start":{"line":271,"column":12},"end":{"line":271,"column":null}},"94":{"start":{"line":272,"column":2},"end":{"line":281,"column":null}},"95":{"start":{"line":273,"column":3},"end":{"line":273,"column":null}},"96":{"start":{"line":274,"column":3},"end":{"line":274,"column":null}},"97":{"start":{"line":278,"column":3},"end":{"line":278,"column":null}},"98":{"start":{"line":279,"column":3},"end":{"line":279,"column":null}},"99":{"start":{"line":280,"column":3},"end":{"line":280,"column":null}},"100":{"start":{"line":284,"column":29},"end":{"line":289,"column":null}},"101":{"start":{"line":285,"column":2},"end":{"line":285,"column":null}},"102":{"start":{"line":286,"column":2},"end":{"line":286,"column":null}},"103":{"start":{"line":287,"column":2},"end":{"line":287,"column":null}},"104":{"start":{"line":288,"column":2},"end":{"line":288,"column":null}},"105":{"start":{"line":291,"column":37},"end":{"line":301,"column":null}},"106":{"start":{"line":292,"column":26},"end":{"line":292,"column":null}},"107":{"start":{"line":296,"column":20},"end":{"line":296,"column":null}},"108":{"start":{"line":297,"column":2},"end":{"line":299,"column":null}},"109":{"start":{"line":298,"column":3},"end":{"line":298,"column":null}},"110":{"start":{"line":300,"column":2},"end":{"line":300,"column":null}},"111":{"start":{"line":307,"column":28},"end":{"line":322,"column":null}},"112":{"start":{"line":308,"column":15},"end":{"line":308,"column":null}},"113":{"start":{"line":309,"column":18},"end":{"line":309,"column":null}},"114":{"start":{"line":321,"column":2},"end":{"line":321,"column":null}},"115":{"start":{"line":324,"column":25},"end":{"line":342,"column":null}},"116":{"start":{"line":336,"column":17},"end":{"line":336,"column":null}},"117":{"start":{"line":337,"column":2},"end":{"line":341,"column":null}},"118":{"start":{"line":338,"column":3},"end":{"line":338,"column":null}},"119":{"start":{"line":340,"column":3},"end":{"line":340,"column":null}},"120":{"start":{"line":344,"column":20},"end":{"line":370,"column":null}},"121":{"start":{"line":345,"column":18},"end":{"line":345,"column":null}},"122":{"start":{"line":353,"column":2},"end":{"line":353,"column":null}},"123":{"start":{"line":354,"column":2},"end":{"line":354,"column":null}},"124":{"start":{"line":355,"column":2},"end":{"line":355,"column":null}},"125":{"start":{"line":357,"column":2},"end":{"line":369,"column":null}},"126":{"start":{"line":358,"column":18},"end":{"line":361,"column":null}},"127":{"start":{"line":362,"column":3},"end":{"line":362,"column":null}},"128":{"start":{"line":363,"column":3},"end":{"line":363,"column":null}},"129":{"start":{"line":364,"column":3},"end":{"line":364,"column":null}},"130":{"start":{"line":366,"column":3},"end":{"line":366,"column":null}},"131":{"start":{"line":368,"column":3},"end":{"line":368,"column":null}},"132":{"start":{"line":372,"column":22},"end":{"line":390,"column":null}},"133":{"start":{"line":373,"column":15},"end":{"line":373,"column":null}},"134":{"start":{"line":374,"column":18},"end":{"line":374,"column":null}},"135":{"start":{"line":382,"column":2},"end":{"line":389,"column":null}},"136":{"start":{"line":383,"column":3},"end":{"line":383,"column":null}},"137":{"start":{"line":384,"column":3},"end":{"line":384,"column":null}},"138":{"start":{"line":392,"column":27},"end":{"line":401,"column":null}},"139":{"start":{"line":393,"column":15},"end":{"line":393,"column":null}},"140":{"start":{"line":394,"column":16},"end":{"line":394,"column":null}},"141":{"start":{"line":395,"column":2},"end":{"line":398,"column":null}},"142":{"start":{"line":396,"column":3},"end":{"line":396,"column":null}},"143":{"start":{"line":400,"column":2},"end":{"line":400,"column":null}}},"fnMap":{"0":{"name":"parseFormValidationError","decl":{"start":{"line":31,"column":9},"end":{"line":31,"column":34}},"loc":{"start":{"line":31,"column":51},"end":{"line":58,"column":null}},"line":31},"1":{"name":"parseUnknownFieldsError","decl":{"start":{"line":60,"column":9},"end":{"line":60,"column":33}},"loc":{"start":{"line":60,"column":50},"end":{"line":75,"column":null}},"line":60},"2":{"name":"parseValidationErrorMessage","decl":{"start":{"line":77,"column":9},"end":{"line":77,"column":37}},"loc":{"start":{"line":77,"column":54},"end":{"line":79,"column":null}},"line":77},"3":{"name":"normalizeFieldName","decl":{"start":{"line":81,"column":9},"end":{"line":81,"column":28}},"loc":{"start":{"line":81,"column":47},"end":{"line":83,"column":null}},"line":81},"4":{"name":"parseMarkdownH2Sections","decl":{"start":{"line":85,"column":9},"end":{"line":85,"column":33}},"loc":{"start":{"line":85,"column":51},"end":{"line":111,"column":null}},"line":85},"5":{"name":"(anonymous_5)","decl":{"start":{"line":91,"column":20},"end":{"line":91,"column":26}},"loc":{"start":{"line":91,"column":26},"end":{"line":94,"column":null}},"line":91},"6":{"name":"buildEditorGuidance","decl":{"start":{"line":113,"column":9},"end":{"line":113,"column":29}},"loc":{"start":{"line":113,"column":66},"end":{"line":168,"column":null}},"line":113},"7":{"name":"(anonymous_7)","decl":{"start":{"line":131,"column":48},"end":{"line":131,"column":49}},"loc":{"start":{"line":131,"column":65},"end":{"line":131,"column":94}},"line":131},"8":{"name":"(anonymous_8)","decl":{"start":{"line":135,"column":3},"end":{"line":135,"column":4}},"loc":{"start":{"line":136,"column":4},"end":{"line":136,"column":null}},"line":136},"9":{"name":"(anonymous_9)","decl":{"start":{"line":138,"column":7},"end":{"line":138,"column":8}},"loc":{"start":{"line":138,"column":24},"end":{"line":138,"column":33}},"line":138},"10":{"name":"(anonymous_10)","decl":{"start":{"line":141,"column":11},"end":{"line":141,"column":23}},"loc":{"start":{"line":141,"column":23},"end":{"line":141,"column":78}},"line":141},"11":{"name":"fetchWithTimeout","decl":{"start":{"line":170,"column":15},"end":{"line":170,"column":null}},"loc":{"start":{"line":174,"column":14},"end":{"line":188,"column":null}},"line":174},"12":{"name":"(anonymous_12)","decl":{"start":{"line":176,"column":36},"end":{"line":176,"column":37}},"loc":{"start":{"line":176,"column":51},"end":{"line":180,"column":2}},"line":176},"13":{"name":"EntryDetailPane2","decl":{"start":{"line":190,"column":16},"end":{"line":190,"column":31}},"loc":{"start":{"line":190,"column":61},"end":{"line":577,"column":1}},"line":190},"14":{"name":"(anonymous_14)","decl":{"start":{"line":206,"column":2},"end":{"line":206,"column":8}},"loc":{"start":{"line":206,"column":8},"end":{"line":212,"column":null}},"line":206},"15":{"name":"(anonymous_15)","decl":{"start":{"line":213,"column":2},"end":{"line":213,"column":9}},"loc":{"start":{"line":213,"column":15},"end":{"line":230,"column":null}},"line":213},"16":{"name":"(anonymous_16)","decl":{"start":{"line":233,"column":32},"end":{"line":233,"column":38}},"loc":{"start":{"line":233,"column":38},"end":{"line":238,"column":2}},"line":233},"17":{"name":"(anonymous_17)","decl":{"start":{"line":237,"column":30},"end":{"line":237,"column":44}},"loc":{"start":{"line":237,"column":44},"end":{"line":237,"column":71}},"line":237},"18":{"name":"(anonymous_18)","decl":{"start":{"line":240,"column":35},"end":{"line":240,"column":41}},"loc":{"start":{"line":240,"column":41},"end":{"line":240,"column":92}},"line":240},"19":{"name":"(anonymous_19)","decl":{"start":{"line":243,"column":14},"end":{"line":243,"column":20}},"loc":{"start":{"line":243,"column":20},"end":{"line":263,"column":2}},"line":243},"20":{"name":"(anonymous_20)","decl":{"start":{"line":253,"column":10},"end":{"line":253,"column":16}},"loc":{"start":{"line":253,"column":16},"end":{"line":257,"column":4}},"line":253},"21":{"name":"(anonymous_21)","decl":{"start":{"line":265,"column":11},"end":{"line":265,"column":17}},"loc":{"start":{"line":265,"column":17},"end":{"line":267,"column":2}},"line":265},"22":{"name":"(anonymous_22)","decl":{"start":{"line":270,"column":14},"end":{"line":270,"column":20}},"loc":{"start":{"line":270,"column":20},"end":{"line":282,"column":2}},"line":270},"23":{"name":"(anonymous_23)","decl":{"start":{"line":284,"column":29},"end":{"line":284,"column":30}},"loc":{"start":{"line":284,"column":50},"end":{"line":289,"column":null}},"line":284},"24":{"name":"(anonymous_24)","decl":{"start":{"line":291,"column":37},"end":{"line":291,"column":43}},"loc":{"start":{"line":291,"column":43},"end":{"line":301,"column":null}},"line":291},"25":{"name":"(anonymous_25)","decl":{"start":{"line":307,"column":28},"end":{"line":307,"column":47}},"loc":{"start":{"line":307,"column":47},"end":{"line":322,"column":null}},"line":307},"26":{"name":"(anonymous_26)","decl":{"start":{"line":324,"column":25},"end":{"line":324,"column":26}},"loc":{"start":{"line":324,"column":45},"end":{"line":342,"column":null}},"line":324},"27":{"name":"(anonymous_27)","decl":{"start":{"line":344,"column":20},"end":{"line":344,"column":32}},"loc":{"start":{"line":344,"column":32},"end":{"line":370,"column":null}},"line":344},"28":{"name":"(anonymous_28)","decl":{"start":{"line":372,"column":22},"end":{"line":372,"column":34}},"loc":{"start":{"line":372,"column":34},"end":{"line":390,"column":null}},"line":372},"29":{"name":"(anonymous_29)","decl":{"start":{"line":392,"column":27},"end":{"line":392,"column":34}},"loc":{"start":{"line":392,"column":65},"end":{"line":401,"column":null}},"line":392}},"branchMap":{"0":{"loc":{"start":{"line":32,"column":1},"end":{"line":32,"column":null}},"type":"if","locations":[{"start":{"line":32,"column":1},"end":{"line":32,"column":null}},{"start":{},"end":{}}],"line":32},"1":{"loc":{"start":{"line":61,"column":1},"end":{"line":61,"column":null}},"type":"if","locations":[{"start":{"line":61,"column":1},"end":{"line":61,"column":null}},{"start":{},"end":{}}],"line":61},"2":{"loc":{"start":{"line":78,"column":8},"end":{"line":78,"column":null}},"type":"binary-expr","locations":[{"start":{"line":78,"column":8},"end":{"line":78,"column":45}},{"start":{"line":78,"column":45},"end":{"line":78,"column":null}}],"line":78},"3":{"loc":{"start":{"line":92,"column":2},"end":{"line":92,"column":null}},"type":"if","locations":[{"start":{"line":92,"column":2},"end":{"line":92,"column":null}},{"start":{},"end":{}}],"line":92},"4":{"loc":{"start":{"line":98,"column":2},"end":{"line":103,"column":null}},"type":"if","locations":[{"start":{"line":98,"column":2},"end":{"line":103,"column":null}},{"start":{},"end":{}}],"line":98},"5":{"loc":{"start":{"line":104,"column":2},"end":{"line":106,"column":null}},"type":"if","locations":[{"start":{"line":104,"column":2},"end":{"line":106,"column":null}},{"start":{},"end":{}}],"line":104},"6":{"loc":{"start":{"line":114,"column":1},"end":{"line":120,"column":null}},"type":"if","locations":[{"start":{"line":114,"column":1},"end":{"line":120,"column":null}},{"start":{},"end":{}}],"line":114},"7":{"loc":{"start":{"line":136,"column":4},"end":{"line":136,"column":null}},"type":"binary-expr","locations":[{"start":{"line":136,"column":4},"end":{"line":136,"column":25}},{"start":{"line":136,"column":25},"end":{"line":136,"column":null}}],"line":136},"8":{"loc":{"start":{"line":149,"column":2},"end":{"line":149,"column":null}},"type":"if","locations":[{"start":{"line":149,"column":2},"end":{"line":149,"column":null}},{"start":{},"end":{}}],"line":149},"9":{"loc":{"start":{"line":151,"column":2},"end":{"line":151,"column":null}},"type":"if","locations":[{"start":{"line":151,"column":2},"end":{"line":151,"column":null}},{"start":{},"end":{}}],"line":151},"10":{"loc":{"start":{"line":172,"column":1},"end":{"line":172,"column":null}},"type":"default-arg","locations":[{"start":{"line":172,"column":6},"end":{"line":172,"column":null}}],"line":172},"11":{"loc":{"start":{"line":173,"column":1},"end":{"line":173,"column":null}},"type":"default-arg","locations":[{"start":{"line":173,"column":12},"end":{"line":173,"column":null}}],"line":173},"12":{"loc":{"start":{"line":235,"column":2},"end":{"line":235,"column":null}},"type":"if","locations":[{"start":{"line":235,"column":2},"end":{"line":235,"column":null}},{"start":{},"end":{}}],"line":235},"13":{"loc":{"start":{"line":236,"column":25},"end":{"line":236,"column":null}},"type":"binary-expr","locations":[{"start":{"line":236,"column":25},"end":{"line":236,"column":44}},{"start":{"line":236,"column":44},"end":{"line":236,"column":null}}],"line":236},"14":{"loc":{"start":{"line":237,"column":9},"end":{"line":237,"column":null}},"type":"binary-expr","locations":[{"start":{"line":237,"column":9},"end":{"line":237,"column":76}},{"start":{"line":237,"column":76},"end":{"line":237,"column":null}}],"line":237},"15":{"loc":{"start":{"line":272,"column":2},"end":{"line":281,"column":null}},"type":"if","locations":[{"start":{"line":272,"column":2},"end":{"line":281,"column":null}},{"start":{},"end":{}}],"line":272},"16":{"loc":{"start":{"line":272,"column":6},"end":{"line":272,"column":41}},"type":"binary-expr","locations":[{"start":{"line":272,"column":6},"end":{"line":272,"column":11}},{"start":{"line":272,"column":11},"end":{"line":272,"column":41}}],"line":272},"17":{"loc":{"start":{"line":337,"column":2},"end":{"line":341,"column":null}},"type":"if","locations":[{"start":{"line":337,"column":2},"end":{"line":341,"column":null}},{"start":{"line":339,"column":9},"end":{"line":341,"column":null}}],"line":337}},"s":{"0":1,"1":1,"2":1,"3":4,"4":2,"5":2,"6":2,"7":2,"8":2,"9":1,"10":2,"11":1,"12":1,"13":4,"14":21,"15":3,"16":3,"17":3,"18":3,"19":3,"20":6,"21":3,"22":3,"23":3,"24":21,"25":21,"26":3,"27":3,"28":3,"29":3,"30":18,"31":5,"32":3,"33":3,"34":24,"35":21,"36":3,"37":3,"38":3,"39":3,"40":24,"41":6,"42":24,"43":6,"44":2,"45":24,"46":3,"47":24,"48":24,"49":6,"50":6,"51":3,"52":3,"53":3,"54":1,"55":3,"56":9,"57":9,"58":9,"59":1,"60":9,"61":9,"62":9,"63":9,"64":9,"65":9,"66":9,"67":9,"68":9,"69":9,"70":9,"71":9,"72":9,"73":9,"74":9,"75":1,"76":9,"77":18,"78":18,"79":16,"80":2,"81":18,"82":1,"83":9,"84":24,"85":9,"86":9,"87":9,"88":9,"89":9,"90":9,"91":9,"92":9,"93":26,"94":26,"95":8,"96":8,"97":8,"98":8,"99":8,"100":9,"101":6,"102":6,"103":6,"104":6,"105":9,"106":1,"107":1,"108":1,"109":1,"110":1,"111":9,"112":5,"113":5,"114":5,"115":9,"116":4,"117":4,"118":3,"119":1,"120":9,"121":5,"122":5,"123":5,"124":5,"125":5,"126":5,"127":1,"128":1,"129":1,"130":4,"131":5,"132":9,"133":1,"134":1,"135":1,"136":1,"137":1,"138":9,"139":1,"140":1,"141":1,"142":1,"143":1},"f":{"0":4,"1":2,"2":4,"3":21,"4":3,"5":6,"6":24,"7":6,"8":6,"9":2,"10":3,"11":9,"12":9,"13":9,"14":9,"15":9,"16":18,"17":1,"18":24,"19":9,"20":9,"21":9,"22":26,"23":6,"24":1,"25":5,"26":4,"27":5,"28":1,"29":1},"b":{"0":[2,2],"1":[1,1],"2":[4,2],"3":[3,3],"4":[3,18],"5":[5,13],"6":[21,3],"7":[6,3],"8":[3,3],"9":[1,2],"10":[9],"11":[9],"12":[16,2],"13":[2,1],"14":[18,1],"15":[8,18],"16":[26,16],"17":[3,1]},"meta":{"lastBranch":18,"lastFunction":30,"lastStatement":144,"seen":{"s:27:32:27:Infinity":0,"s:28:30:28:Infinity":1,"s:29:28:29:Infinity":2,"f:31:9:31:34":0,"b:32:1:32:Infinity:undefined:undefined:undefined:undefined":0,"s:32:1:32:Infinity":3,"s:32:49:32:Infinity":4,"s:33:17:33:Infinity":5,"s:37:1:57:Infinity":6,"s:38:17:38:Infinity":7,"s:39:16:44:Infinity":8,"s:53:2:56:Infinity":9,"f:60:9:60:33":1,"b:61:1:61:Infinity:undefined:undefined:undefined:undefined":1,"s:61:1:61:Infinity":10,"s:61:47:61:Infinity":11,"s:62:17:62:Infinity":12,"f:77:9:77:37":2,"s:78:1:78:Infinity":13,"b:78:8:78:45:78:45:78:Infinity":2,"f:81:9:81:28":3,"s:82:1:82:Infinity":14,"f:85:9:85:33":4,"s:86:15:86:Infinity":15,"s:87:61:87:Infinity":16,"s:88:34:88:Infinity":17,"s:89:24:89:Infinity":18,"s:91:20:94:Infinity":19,"f:91:20:91:26":5,"b:92:2:92:Infinity:undefined:undefined:undefined:undefined":3,"s:92:2:92:Infinity":20,"s:92:20:92:Infinity":21,"s:93:2:93:Infinity":22,"s:96:1:107:Infinity":23,"s:97:18:97:Infinity":24,"b:98:2:103:Infinity:undefined:undefined:undefined:undefined":4,"s:98:2:103:Infinity":25,"s:99:3:99:Infinity":26,"s:100:3:100:Infinity":27,"s:101:3:101:Infinity":28,"s:102:3:102:Infinity":29,"b:104:2:106:Infinity:undefined:undefined:undefined:undefined":5,"s:104:2:106:Infinity":30,"s:105:3:105:Infinity":31,"s:109:1:109:Infinity":32,"s:110:1:110:Infinity":33,"f:113:9:113:29":6,"b:114:1:120:Infinity:undefined:undefined:undefined:undefined":6,"s:114:1:120:Infinity":34,"s:115:2:119:Infinity":35,"s:122:18:122:Infinity":36,"s:123:20:123:Infinity":37,"s:124:1:126:Infinity":38,"s:125:2:125:Infinity":39,"s:131:25:131:Infinity":40,"f:131:48:131:49":7,"s:131:65:131:94":41,"s:133:25:138:Infinity":42,"f:135:3:135:4":8,"s:136:4:136:Infinity":43,"b:136:4:136:25:136:25:136:Infinity":7,"f:138:7:138:8":9,"s:138:24:138:33":44,"s:140:25:143:Infinity":45,"f:141:11:141:23":10,"s:141:23:141:78":46,"s:146:30:146:Infinity":47,"s:147:1:165:Infinity":48,"s:148:18:148:Infinity":49,"b:149:2:149:Infinity:undefined:undefined:undefined:undefined":8,"s:149:2:149:Infinity":50,"s:149:16:149:Infinity":51,"s:150:16:150:Infinity":52,"b:151:2:151:Infinity:undefined:undefined:undefined:undefined":9,"s:151:2:151:Infinity":53,"s:151:14:151:Infinity":54,"s:167:1:167:Infinity":55,"f:170:15:170:Infinity":11,"b:172:6:172:Infinity":10,"b:173:12:173:Infinity":11,"s:176:17:180:Infinity":56,"f:176:36:176:37":12,"s:181:1:187:Infinity":57,"s:182:2:182:Infinity":58,"s:190:16:577:Infinity":59,"f:190:16:190:31":13,"s:191:25:191:Infinity":60,"s:193:39:193:Infinity":61,"s:194:27:194:Infinity":62,"s:195:29:195:Infinity":63,"s:196:43:196:Infinity":64,"s:197:43:200:Infinity":65,"s:201:47:201:Infinity":66,"s:202:47:202:Infinity":67,"s:203:33:203:Infinity":68,"s:205:40:231:Infinity":69,"f:206:2:206:8":14,"s:207:16:207:Infinity":70,"s:208:19:208:Infinity":71,"f:213:2:213:9":15,"s:217:3:229:Infinity":72,"s:218:4:218:Infinity":73,"s:219:4:223:Infinity":74,"s:228:4:228:Infinity":75,"s:233:7:238:Infinity":76,"f:233:32:233:38":16,"s:234:19:234:Infinity":77,"b:235:2:235:Infinity:undefined:undefined:undefined:undefined":12,"s:235:2:235:Infinity":78,"s:235:17:235:Infinity":79,"s:236:25:236:Infinity":80,"b:236:25:236:44:236:44:236:Infinity":13,"s:237:2:237:Infinity":81,"b:237:9:237:76:237:76:237:Infinity":14,"f:237:30:237:44":17,"s:237:44:237:71":82,"s:240:7:240:Infinity":83,"f:240:35:240:41":18,"s:240:41:240:92":84,"s:242:53:242:Infinity":85,"s:243:1:263:Infinity":86,"f:243:14:243:20":19,"s:249:2:249:Infinity":87,"s:250:2:250:Infinity":88,"s:251:2:261:Infinity":89,"f:253:10:253:16":20,"s:265:1:267:Infinity":90,"f:265:11:265:17":21,"s:266:2:266:Infinity":91,"s:270:1:282:Infinity":92,"f:270:14:270:20":22,"s:271:12:271:Infinity":93,"b:272:2:281:Infinity:undefined:undefined:undefined:undefined":15,"s:272:2:281:Infinity":94,"b:272:6:272:11:272:11:272:41":16,"s:273:3:273:Infinity":95,"s:274:3:274:Infinity":96,"s:278:3:278:Infinity":97,"s:279:3:279:Infinity":98,"s:280:3:280:Infinity":99,"s:284:29:289:Infinity":100,"f:284:29:284:30":23,"s:285:2:285:Infinity":101,"s:286:2:286:Infinity":102,"s:287:2:287:Infinity":103,"s:288:2:288:Infinity":104,"s:291:37:301:Infinity":105,"f:291:37:291:43":24,"s:292:26:292:Infinity":106,"s:296:20:296:Infinity":107,"s:297:2:299:Infinity":108,"s:298:3:298:Infinity":109,"s:300:2:300:Infinity":110,"s:307:28:322:Infinity":111,"f:307:28:307:47":25,"s:308:15:308:Infinity":112,"s:309:18:309:Infinity":113,"s:321:2:321:Infinity":114,"s:324:25:342:Infinity":115,"f:324:25:324:26":26,"s:336:17:336:Infinity":116,"b:337:2:341:Infinity:339:9:341:Infinity":17,"s:337:2:341:Infinity":117,"s:338:3:338:Infinity":118,"s:340:3:340:Infinity":119,"s:344:20:370:Infinity":120,"f:344:20:344:32":27,"s:345:18:345:Infinity":121,"s:353:2:353:Infinity":122,"s:354:2:354:Infinity":123,"s:355:2:355:Infinity":124,"s:357:2:369:Infinity":125,"s:358:18:361:Infinity":126,"s:362:3:362:Infinity":127,"s:363:3:363:Infinity":128,"s:364:3:364:Infinity":129,"s:366:3:366:Infinity":130,"s:368:3:368:Infinity":131,"s:372:22:390:Infinity":132,"f:372:22:372:34":28,"s:373:15:373:Infinity":133,"s:374:18:374:Infinity":134,"s:382:2:389:Infinity":135,"s:383:3:383:Infinity":136,"s:384:3:384:Infinity":137,"s:392:27:401:Infinity":138,"f:392:27:392:34":29,"s:393:15:393:Infinity":139,"s:394:16:394:Infinity":140,"s:395:2:398:Infinity":141,"s:396:3:396:Infinity":142,"s:400:2:400:Infinity":143}}}
,"/workspace/frontend/src/components/EntryList.tsx": {"path":"/workspace/frontend/src/components/EntryList.tsx","statementMap":{"0":{"start":{"line":152,"column":9},"end":{"line":216,"column":null}},"1":{"start":{"line":153,"column":25},"end":{"line":153,"column":null}},"2":{"start":{"line":153,"column":31},"end":{"line":153,"column":null}},"3":{"start":{"line":155,"column":20},"end":{"line":162,"column":null}},"4":{"start":{"line":156,"column":2},"end":{"line":161,"column":null}},"5":{"start":{"line":157,"column":3},"end":{"line":157,"column":null}},"6":{"start":{"line":25,"column":1},"end":{"line":25,"column":null}},"7":{"start":{"line":28,"column":16},"end":{"line":143,"column":null}},"8":{"start":{"line":30,"column":20},"end":{"line":30,"column":null}},"9":{"start":{"line":33,"column":23},"end":{"line":35,"column":null}},"10":{"start":{"line":35,"column":28},"end":{"line":35,"column":70}},"11":{"start":{"line":38,"column":7},"end":{"line":41,"column":null}},"12":{"start":{"line":39,"column":2},"end":{"line":39,"column":null}},"13":{"start":{"line":39,"column":18},"end":{"line":39,"column":null}},"14":{"start":{"line":40,"column":2},"end":{"line":40,"column":null}},"15":{"start":{"line":42,"column":7},"end":{"line":45,"column":null}},"16":{"start":{"line":43,"column":2},"end":{"line":43,"column":null}},"17":{"start":{"line":43,"column":18},"end":{"line":43,"column":null}},"18":{"start":{"line":44,"column":2},"end":{"line":44,"column":null}},"19":{"start":{"line":46,"column":7},"end":{"line":49,"column":null}},"20":{"start":{"line":47,"column":2},"end":{"line":47,"column":null}},"21":{"start":{"line":47,"column":18},"end":{"line":47,"column":null}},"22":{"start":{"line":48,"column":2},"end":{"line":48,"column":null}},"23":{"start":{"line":51,"column":1},"end":{"line":56,"column":null}},"24":{"start":{"line":53,"column":2},"end":{"line":55,"column":null}},"25":{"start":{"line":54,"column":3},"end":{"line":54,"column":null}},"26":{"start":{"line":58,"column":26},"end":{"line":60,"column":null}},"27":{"start":{"line":59,"column":2},"end":{"line":59,"column":null}}},"fnMap":{"0":{"name":"EntryListItem2","decl":{"start":{"line":152,"column":9},"end":{"line":152,"column":22}},"loc":{"start":{"line":152,"column":50},"end":{"line":216,"column":1}},"line":152},"1":{"name":"(anonymous_1)","decl":{"start":{"line":153,"column":25},"end":{"line":153,"column":31}},"loc":{"start":{"line":153,"column":31},"end":{"line":153,"column":null}},"line":153},"2":{"name":"(anonymous_2)","decl":{"start":{"line":155,"column":20},"end":{"line":155,"column":21}},"loc":{"start":{"line":155,"column":41},"end":{"line":162,"column":null}},"line":155},"3":{"name":"isControlled","decl":{"start":{"line":24,"column":9},"end":{"line":24,"column":22}},"loc":{"start":{"line":24,"column":80},"end":{"line":26,"column":null}},"line":24},"4":{"name":"EntryList2","decl":{"start":{"line":28,"column":16},"end":{"line":28,"column":25}},"loc":{"start":{"line":28,"column":49},"end":{"line":143,"column":1}},"line":28},"5":{"name":"(anonymous_5)","decl":{"start":{"line":35,"column":21},"end":{"line":35,"column":28}},"loc":{"start":{"line":35,"column":28},"end":{"line":35,"column":70}},"line":35},"6":{"name":"(anonymous_6)","decl":{"start":{"line":38,"column":28},"end":{"line":38,"column":34}},"loc":{"start":{"line":38,"column":34},"end":{"line":41,"column":2}},"line":38},"7":{"name":"(anonymous_7)","decl":{"start":{"line":42,"column":28},"end":{"line":42,"column":34}},"loc":{"start":{"line":42,"column":34},"end":{"line":45,"column":2}},"line":42},"8":{"name":"(anonymous_8)","decl":{"start":{"line":46,"column":26},"end":{"line":46,"column":32}},"loc":{"start":{"line":46,"column":32},"end":{"line":49,"column":2}},"line":46},"9":{"name":"(anonymous_9)","decl":{"start":{"line":51,"column":9},"end":{"line":51,"column":15}},"loc":{"start":{"line":51,"column":15},"end":{"line":56,"column":2}},"line":51},"10":{"name":"(anonymous_10)","decl":{"start":{"line":58,"column":26},"end":{"line":58,"column":27}},"loc":{"start":{"line":58,"column":47},"end":{"line":60,"column":null}},"line":58}},"branchMap":{"0":{"loc":{"start":{"line":153,"column":46},"end":{"line":153,"column":74}},"type":"binary-expr","locations":[{"start":{"line":153,"column":46},"end":{"line":153,"column":72}},{"start":{"line":153,"column":72},"end":{"line":153,"column":74}}],"line":153},"1":{"loc":{"start":{"line":25,"column":8},"end":{"line":25,"column":null}},"type":"binary-expr","locations":[{"start":{"line":25,"column":8},"end":{"line":25,"column":30}},{"start":{"line":25,"column":30},"end":{"line":25,"column":null}}],"line":25},"2":{"loc":{"start":{"line":33,"column":23},"end":{"line":35,"column":null}},"type":"cond-expr","locations":[{"start":{"line":34,"column":4},"end":{"line":34,"column":null}},{"start":{"line":34,"column":4},"end":{"line":35,"column":null}}],"line":33},"3":{"loc":{"start":{"line":39,"column":2},"end":{"line":39,"column":null}},"type":"if","locations":[{"start":{"line":39,"column":2},"end":{"line":39,"column":null}},{"start":{},"end":{}}],"line":39},"4":{"loc":{"start":{"line":43,"column":2},"end":{"line":43,"column":null}},"type":"if","locations":[{"start":{"line":43,"column":2},"end":{"line":43,"column":null}},{"start":{},"end":{}}],"line":43},"5":{"loc":{"start":{"line":47,"column":2},"end":{"line":47,"column":null}},"type":"if","locations":[{"start":{"line":47,"column":2},"end":{"line":47,"column":null}},{"start":{},"end":{}}],"line":47},"6":{"loc":{"start":{"line":53,"column":2},"end":{"line":55,"column":null}},"type":"if","locations":[{"start":{"line":53,"column":2},"end":{"line":55,"column":null}},{"start":{},"end":{}}],"line":53},"7":{"loc":{"start":{"line":53,"column":6},"end":{"line":53,"column":36}},"type":"binary-expr","locations":[{"start":{"line":53,"column":6},"end":{"line":53,"column":21}},{"start":{"line":53,"column":21},"end":{"line":53,"column":36}}],"line":53}},"s":{"0":1,"1":11,"2":15,"3":11,"4":11,"5":11,"6":11,"7":1,"8":11,"9":11,"10":6,"11":11,"12":14,"13":8,"14":6,"15":11,"16":17,"17":8,"18":9,"19":11,"20":11,"21":8,"22":3,"23":11,"24":11,"25":3,"26":11,"27":2},"f":{"0":11,"1":15,"2":11,"3":11,"4":11,"5":6,"6":14,"7":17,"8":11,"9":11,"10":2},"b":{"0":[15,2],"1":[11,8],"2":[8,3],"3":[8,6],"4":[8,9],"5":[8,3],"6":[3,8],"7":[11,3]},"meta":{"lastBranch":8,"lastFunction":11,"lastStatement":28,"seen":{"s:152:9:216:Infinity":0,"f:152:9:152:22":0,"s:153:25:153:Infinity":1,"f:153:25:153:31":1,"s:153:31:153:Infinity":2,"b:153:46:153:72:153:72:153:74":0,"s:155:20:162:Infinity":3,"f:155:20:155:21":2,"s:156:2:161:Infinity":4,"s:157:3:157:Infinity":5,"f:24:9:24:22":3,"s:25:1:25:Infinity":6,"b:25:8:25:30:25:30:25:Infinity":1,"s:28:16:143:Infinity":7,"f:28:16:28:25":4,"s:30:20:30:Infinity":8,"s:33:23:35:Infinity":9,"b:34:4:34:Infinity:34:4:35:Infinity":2,"f:35:21:35:28":5,"s:35:28:35:70":10,"s:38:7:41:Infinity":11,"f:38:28:38:34":6,"b:39:2:39:Infinity:undefined:undefined:undefined:undefined":3,"s:39:2:39:Infinity":12,"s:39:18:39:Infinity":13,"s:40:2:40:Infinity":14,"s:42:7:45:Infinity":15,"f:42:28:42:34":7,"b:43:2:43:Infinity:undefined:undefined:undefined:undefined":4,"s:43:2:43:Infinity":16,"s:43:18:43:Infinity":17,"s:44:2:44:Infinity":18,"s:46:7:49:Infinity":19,"f:46:26:46:32":8,"b:47:2:47:Infinity:undefined:undefined:undefined:undefined":5,"s:47:2:47:Infinity":20,"s:47:18:47:Infinity":21,"s:48:2:48:Infinity":22,"s:51:1:56:Infinity":23,"f:51:9:51:15":9,"b:53:2:55:Infinity:undefined:undefined:undefined:undefined":6,"s:53:2:55:Infinity":24,"b:53:6:53:21:53:21:53:36":7,"s:54:3:54:Infinity":25,"s:58:26:60:Infinity":26,"f:58:26:58:27":10,"s:59:2:59:Infinity":27}}}
,"/workspace/frontend/src/components/FormList.tsx": {"path":"/workspace/frontend/src/components/FormList.tsx","statementMap":{"0":{"start":{"line":10,"column":16},"end":{"line":39,"column":null}},"1":{"start":{"line":11,"column":1},"end":{"line":33,"column":null}},"2":{"start":{"line":11,"column":1},"end":{"line":11,"column":null}},"3":{"start":{"line":17,"column":13},"end":{"line":17,"column":31}},"4":{"start":{"line":18,"column":7},"end":{"line":25,"column":null}},"5":{"start":{"line":18,"column":16},"end":{"line":18,"column":null}},"6":{"start":{"line":18,"column":16},"end":{"line":22,"column":48}},"7":{"start":{"line":22,"column":23},"end":{"line":22,"column":48}},"8":{"start":{"line":22,"column":48},"end":{"line":27,"column":null}},"9":{"start":{"line":27,"column":34},"end":{"line":27,"column":48}},"10":{"start":{"line":27,"column":48},"end":{"line":29,"column":null}},"11":{"start":{"line":29,"column":10},"end":{"line":29,"column":46}},"12":{"start":{"line":29,"column":46},"end":{"line":25,"column":null}},"13":{"start":{"line":25,"column":10},"end":{"line":25,"column":null}},"14":{"start":{"line":33,"column":6},"end":{"line":33,"column":null}}},"fnMap":{"0":{"name":"FormList2","decl":{"start":{"line":10,"column":16},"end":{"line":10,"column":24}},"loc":{"start":{"line":10,"column":47},"end":{"line":39,"column":1}},"line":10},"1":{"name":"(anonymous_1)","decl":{"start":{"line":11,"column":1},"end":{"line":11,"column":null}},"loc":{"start":{"line":11,"column":1},"end":{"line":33,"column":null}},"line":11},"2":{"name":"(anonymous_2)","decl":{"start":{"line":17,"column":9},"end":{"line":17,"column":13}},"loc":{"start":{"line":17,"column":13},"end":{"line":17,"column":null}},"line":17},"3":{"name":"(anonymous_3)","decl":{"start":{"line":18,"column":7},"end":{"line":18,"column":16}},"loc":{"start":{"line":18,"column":7},"end":{"line":25,"column":null}},"line":18},"4":{"name":"(anonymous_4)","decl":{"start":{"line":18,"column":16},"end":{"line":18,"column":null}},"loc":{"start":{"line":18,"column":16},"end":{"line":25,"column":null}},"line":18},"5":{"name":"(anonymous_5)","decl":{"start":{"line":22,"column":17},"end":{"line":22,"column":23}},"loc":{"start":{"line":22,"column":23},"end":{"line":22,"column":48}},"line":22},"6":{"name":"(anonymous_6)","decl":{"start":{"line":22,"column":48},"end":{"line":22,"column":null}},"loc":{"start":{"line":27,"column":34},"end":{"line":27,"column":48}},"line":27},"7":{"name":"(anonymous_7)","decl":{"start":{"line":27,"column":48},"end":{"line":27,"column":null}},"loc":{"start":{"line":29,"column":10},"end":{"line":29,"column":46}},"line":29},"8":{"name":"(anonymous_8)","decl":{"start":{"line":29,"column":46},"end":{"line":29,"column":null}},"loc":{"start":{"line":29,"column":46},"end":{"line":25,"column":null}},"line":29}},"branchMap":{"0":{"loc":{"start":{"line":24,"column":9},"end":{"line":24,"column":83}},"type":"cond-expr","locations":[{"start":{"line":24,"column":55},"end":{"line":24,"column":81}},{"start":{"line":24,"column":81},"end":{"line":24,"column":83}}],"line":24}},"s":{"0":1,"1":5,"2":5,"3":5,"4":8,"5":8,"6":8,"7":1,"8":8,"9":8,"10":8,"11":8,"12":8,"13":8,"14":5},"f":{"0":5,"1":5,"2":5,"3":8,"4":8,"5":1,"6":8,"7":8,"8":8},"b":{"0":[1,7]},"meta":{"lastBranch":1,"lastFunction":9,"lastStatement":15,"seen":{"s:10:16:39:Infinity":0,"f:10:16:10:24":0,"s:11:1:33:Infinity":1,"f:11:1:11:Infinity":1,"s:11:1:11:Infinity":2,"f:17:9:17:13":2,"s:17:13:17:31":3,"f:18:7:18:16":3,"s:18:7:25:Infinity":4,"f:18:16:18:Infinity":4,"s:18:16:18:Infinity":5,"s:18:16:22:48":6,"f:22:17:22:23":5,"s:22:23:22:48":7,"s:22:48:27:Infinity":8,"f:22:48:22:Infinity":6,"s:27:34:27:48":9,"s:27:48:29:Infinity":10,"f:27:48:27:Infinity":7,"s:29:10:29:46":11,"s:29:46:25:Infinity":12,"f:29:46:29:Infinity":8,"b:24:55:24:81:24:81:24:83":0,"s:25:10:25:Infinity":13,"s:33:6:33:Infinity":14}}}
,"/workspace/frontend/src/components/FormTable.tsx": {"path":"/workspace/frontend/src/components/FormTable.tsx","statementMap":{"0":{"start":{"line":94,"column":9},"end":{"line":138,"column":null}},"1":{"start":{"line":26,"column":1},"end":{"line":26,"column":null}},"2":{"start":{"line":26,"column":13},"end":{"line":26,"column":null}},"3":{"start":{"line":27,"column":14},"end":{"line":27,"column":null}},"4":{"start":{"line":28,"column":1},"end":{"line":38,"column":null}},"5":{"start":{"line":37,"column":2},"end":{"line":37,"column":null}},"6":{"start":{"line":44,"column":23},"end":{"line":44,"column":null}},"7":{"start":{"line":44,"column":68},"end":{"line":44,"column":73}},"8":{"start":{"line":45,"column":1},"end":{"line":45,"column":null}},"9":{"start":{"line":45,"column":33},"end":{"line":45,"column":null}},"10":{"start":{"line":47,"column":1},"end":{"line":60,"column":null}},"11":{"start":{"line":48,"column":2},"end":{"line":58,"column":null}},"12":{"start":{"line":49,"column":23},"end":{"line":49,"column":null}},"13":{"start":{"line":50,"column":13},"end":{"line":50,"column":null}},"14":{"start":{"line":57,"column":3},"end":{"line":57,"column":null}},"15":{"start":{"line":57,"column":49},"end":{"line":57,"column":null}},"16":{"start":{"line":59,"column":2},"end":{"line":59,"column":null}},"17":{"start":{"line":64,"column":1},"end":{"line":64,"column":null}},"18":{"start":{"line":64,"column":27},"end":{"line":64,"column":null}},"19":{"start":{"line":65,"column":1},"end":{"line":91,"column":null}},"20":{"start":{"line":69,"column":2},"end":{"line":81,"column":null}},"21":{"start":{"line":163,"column":16},"end":{"line":848,"column":null}},"22":{"start":{"line":166,"column":37},"end":{"line":166,"column":null}},"23":{"start":{"line":167,"column":31},"end":{"line":167,"column":null}},"24":{"start":{"line":168,"column":39},"end":{"line":168,"column":null}},"25":{"start":{"line":169,"column":39},"end":{"line":169,"column":null}},"26":{"start":{"line":170,"column":47},"end":{"line":170,"column":null}},"27":{"start":{"line":171,"column":37},"end":{"line":171,"column":null}},"28":{"start":{"line":172,"column":33},"end":{"line":172,"column":null}},"29":{"start":{"line":173,"column":35},"end":{"line":173,"column":null}},"30":{"start":{"line":175,"column":28},"end":{"line":185,"column":null}},"31":{"start":{"line":180,"column":3},"end":{"line":180,"column":null}},"32":{"start":{"line":183,"column":3},"end":{"line":183,"column":null}},"33":{"start":{"line":187,"column":7},"end":{"line":192,"column":null}},"34":{"start":{"line":194,"column":7},"end":{"line":194,"column":null}},"35":{"start":{"line":194,"column":41},"end":{"line":194,"column":77}},"36":{"start":{"line":196,"column":7},"end":{"line":208,"column":null}},"37":{"start":{"line":197,"column":25},"end":{"line":197,"column":null}},"38":{"start":{"line":198,"column":2},"end":{"line":198,"column":null}},"39":{"start":{"line":198,"column":23},"end":{"line":198,"column":null}},"40":{"start":{"line":201,"column":15},"end":{"line":201,"column":null}},"41":{"start":{"line":204,"column":2},"end":{"line":204,"column":null}},"42":{"start":{"line":207,"column":2},"end":{"line":207,"column":null}},"43":{"start":{"line":210,"column":27},"end":{"line":218,"column":null}},"44":{"start":{"line":211,"column":2},"end":{"line":217,"column":null}},"45":{"start":{"line":212,"column":3},"end":{"line":213,"column":null}},"46":{"start":{"line":212,"column":34},"end":{"line":212,"column":null}},"47":{"start":{"line":213,"column":8},"end":{"line":213,"column":null}},"48":{"start":{"line":215,"column":3},"end":{"line":215,"column":null}},"49":{"start":{"line":216,"column":3},"end":{"line":216,"column":null}},"50":{"start":{"line":220,"column":31},"end":{"line":230,"column":null}},"51":{"start":{"line":221,"column":2},"end":{"line":225,"column":null}},"52":{"start":{"line":222,"column":3},"end":{"line":222,"column":null}},"53":{"start":{"line":223,"column":3},"end":{"line":223,"column":null}},"54":{"start":{"line":224,"column":3},"end":{"line":224,"column":null}},"55":{"start":{"line":226,"column":2},"end":{"line":226,"column":null}},"56":{"start":{"line":246,"column":1},"end":{"line":252,"column":null}},"57":{"start":{"line":250,"column":2},"end":{"line":250,"column":null}},"58":{"start":{"line":251,"column":2},"end":{"line":251,"column":null}},"59":{"start":{"line":254,"column":1},"end":{"line":260,"column":null}},"60":{"start":{"line":258,"column":2},"end":{"line":258,"column":null}},"61":{"start":{"line":259,"column":2},"end":{"line":259,"column":null}},"62":{"start":{"line":262,"column":28},"end":{"line":264,"column":null}},"63":{"start":{"line":263,"column":2},"end":{"line":263,"column":null}},"64":{"start":{"line":263,"column":30},"end":{"line":263,"column":58}},"65":{"start":{"line":266,"column":21},"end":{"line":301,"column":null}},"66":{"start":{"line":268,"column":2},"end":{"line":300,"column":null}},"67":{"start":{"line":269,"column":38},"end":{"line":275,"column":null}},"68":{"start":{"line":269,"column":57},"end":{"line":275,"column":5}},"69":{"start":{"line":277,"column":19},"end":{"line":277,"column":null}},"70":{"start":{"line":284,"column":16},"end":{"line":284,"column":null}},"71":{"start":{"line":285,"column":15},"end":{"line":285,"column":null}},"72":{"start":{"line":286,"column":16},"end":{"line":286,"column":null}},"73":{"start":{"line":287,"column":3},"end":{"line":287,"column":null}},"74":{"start":{"line":288,"column":3},"end":{"line":288,"column":null}},"75":{"start":{"line":289,"column":3},"end":{"line":289,"column":null}},"76":{"start":{"line":290,"column":3},"end":{"line":290,"column":null}},"77":{"start":{"line":291,"column":3},"end":{"line":291,"column":null}},"78":{"start":{"line":293,"column":3},"end":{"line":293,"column":null}},"79":{"start":{"line":293,"column":20},"end":{"line":293,"column":46}},"80":{"start":{"line":303,"column":22},"end":{"line":319,"column":null}},"81":{"start":{"line":304,"column":2},"end":{"line":318,"column":null}},"82":{"start":{"line":305,"column":17},"end":{"line":305,"column":null}},"83":{"start":{"line":306,"column":3},"end":{"line":306,"column":null}},"84":{"start":{"line":308,"column":3},"end":{"line":310,"column":null}},"85":{"start":{"line":311,"column":3},"end":{"line":311,"column":null}},"86":{"start":{"line":321,"column":26},"end":{"line":355,"column":null}},"87":{"start":{"line":322,"column":2},"end":{"line":354,"column":null}},"88":{"start":{"line":323,"column":22},"end":{"line":323,"column":null}},"89":{"start":{"line":323,"column":48},"end":{"line":323,"column":67}},"90":{"start":{"line":326,"column":17},"end":{"line":326,"column":null}},"91":{"start":{"line":327,"column":25},"end":{"line":327,"column":null}},"92":{"start":{"line":329,"column":3},"end":{"line":340,"column":null}},"93":{"start":{"line":333,"column":4},"end":{"line":333,"column":null}},"94":{"start":{"line":339,"column":4},"end":{"line":339,"column":null}},"95":{"start":{"line":342,"column":24},"end":{"line":345,"column":null}},"96":{"start":{"line":346,"column":3},"end":{"line":346,"column":null}},"97":{"start":{"line":347,"column":3},"end":{"line":347,"column":null}},"98":{"start":{"line":358,"column":23},"end":{"line":359,"column":null}},"99":{"start":{"line":359,"column":2},"end":{"line":359,"column":null}},"100":{"start":{"line":362,"column":31},"end":{"line":365,"column":null}},"101":{"start":{"line":366,"column":35},"end":{"line":366,"column":null}},"102":{"start":{"line":368,"column":1},"end":{"line":371,"column":null}},"103":{"start":{"line":369,"column":2},"end":{"line":369,"column":null}},"104":{"start":{"line":370,"column":2},"end":{"line":370,"column":null}},"105":{"start":{"line":373,"column":1},"end":{"line":376,"column":null}},"106":{"start":{"line":374,"column":2},"end":{"line":374,"column":null}},"107":{"start":{"line":375,"column":2},"end":{"line":375,"column":null}},"108":{"start":{"line":378,"column":29},"end":{"line":378,"column":null}},"109":{"start":{"line":378,"column":35},"end":{"line":378,"column":null}},"110":{"start":{"line":380,"column":20},"end":{"line":403,"column":null}},"111":{"start":{"line":381,"column":18},"end":{"line":381,"column":null}},"112":{"start":{"line":388,"column":2},"end":{"line":395,"column":null}},"113":{"start":{"line":388,"column":15},"end":{"line":388,"column":18}},"114":{"start":{"line":389,"column":18},"end":{"line":389,"column":null}},"115":{"start":{"line":398,"column":18},"end":{"line":398,"column":null}},"116":{"start":{"line":399,"column":2},"end":{"line":401,"column":null}},"117":{"start":{"line":400,"column":3},"end":{"line":400,"column":null}},"118":{"start":{"line":402,"column":2},"end":{"line":402,"column":null}},"119":{"start":{"line":405,"column":23},"end":{"line":436,"column":null}},"120":{"start":{"line":406,"column":14},"end":{"line":406,"column":null}},"121":{"start":{"line":411,"column":13},"end":{"line":411,"column":null}},"122":{"start":{"line":412,"column":13},"end":{"line":412,"column":null}},"123":{"start":{"line":413,"column":13},"end":{"line":413,"column":null}},"124":{"start":{"line":414,"column":13},"end":{"line":414,"column":null}},"125":{"start":{"line":416,"column":25},"end":{"line":416,"column":null}},"126":{"start":{"line":417,"column":24},"end":{"line":417,"column":null}},"127":{"start":{"line":419,"column":19},"end":{"line":419,"column":null}},"128":{"start":{"line":420,"column":2},"end":{"line":426,"column":null}},"129":{"start":{"line":420,"column":15},"end":{"line":420,"column":19}},"130":{"start":{"line":421,"column":17},"end":{"line":421,"column":null}},"131":{"start":{"line":425,"column":3},"end":{"line":425,"column":null}},"132":{"start":{"line":428,"column":2},"end":{"line":435,"column":null}},"133":{"start":{"line":429,"column":3},"end":{"line":429,"column":null}},"134":{"start":{"line":438,"column":29},"end":{"line":450,"column":null}},"135":{"start":{"line":452,"column":29},"end":{"line":455,"column":null}},"136":{"start":{"line":454,"column":2},"end":{"line":454,"column":null}},"137":{"start":{"line":457,"column":30},"end":{"line":467,"column":null}},"138":{"start":{"line":469,"column":20},"end":{"line":477,"column":null}},"139":{"start":{"line":470,"column":14},"end":{"line":470,"column":null}},"140":{"start":{"line":471,"column":2},"end":{"line":471,"column":null}},"141":{"start":{"line":471,"column":30},"end":{"line":471,"column":null}},"142":{"start":{"line":472,"column":13},"end":{"line":472,"column":null}},"143":{"start":{"line":473,"column":13},"end":{"line":473,"column":null}},"144":{"start":{"line":474,"column":13},"end":{"line":474,"column":null}},"145":{"start":{"line":475,"column":13},"end":{"line":475,"column":null}},"146":{"start":{"line":476,"column":2},"end":{"line":476,"column":null}}},"fnMap":{"0":{"name":"SortIcon2","decl":{"start":{"line":94,"column":9},"end":{"line":94,"column":17}},"loc":{"start":{"line":94,"column":72},"end":{"line":138,"column":1}},"line":94},"1":{"name":"filterEntries","decl":{"start":{"line":25,"column":9},"end":{"line":25,"column":23}},"loc":{"start":{"line":25,"column":80},"end":{"line":39,"column":null}},"line":25},"2":{"name":"(anonymous_2)","decl":{"start":{"line":28,"column":24},"end":{"line":28,"column":34}},"loc":{"start":{"line":28,"column":34},"end":{"line":38,"column":2}},"line":28},"3":{"name":"applyColumnFilters","decl":{"start":{"line":42,"column":9},"end":{"line":42,"column":28}},"loc":{"start":{"line":42,"column":85},"end":{"line":61,"column":null}},"line":42},"4":{"name":"(anonymous_4)","decl":{"start":{"line":44,"column":54},"end":{"line":44,"column":55}},"loc":{"start":{"line":44,"column":68},"end":{"line":44,"column":73}},"line":44},"5":{"name":"(anonymous_5)","decl":{"start":{"line":47,"column":24},"end":{"line":47,"column":34}},"loc":{"start":{"line":47,"column":34},"end":{"line":60,"column":2}},"line":47},"6":{"name":"sortEntries","decl":{"start":{"line":63,"column":9},"end":{"line":63,"column":21}},"loc":{"start":{"line":63,"column":86},"end":{"line":92,"column":null}},"line":63},"7":{"name":"(anonymous_7)","decl":{"start":{"line":65,"column":26},"end":{"line":65,"column":27}},"loc":{"start":{"line":65,"column":36},"end":{"line":91,"column":2}},"line":65},"8":{"name":"FormTable2","decl":{"start":{"line":163,"column":16},"end":{"line":163,"column":25}},"loc":{"start":{"line":163,"column":49},"end":{"line":848,"column":1}},"line":163},"9":{"name":"(anonymous_9)","decl":{"start":{"line":176,"column":2},"end":{"line":176,"column":8}},"loc":{"start":{"line":176,"column":8},"end":{"line":181,"column":null}},"line":176},"10":{"name":"(anonymous_10)","decl":{"start":{"line":182,"column":2},"end":{"line":182,"column":9}},"loc":{"start":{"line":182,"column":30},"end":{"line":184,"column":null}},"line":182},"11":{"name":"(anonymous_11)","decl":{"start":{"line":194,"column":35},"end":{"line":194,"column":41}},"loc":{"start":{"line":194,"column":41},"end":{"line":194,"column":77}},"line":194},"12":{"name":"(anonymous_12)","decl":{"start":{"line":196,"column":37},"end":{"line":196,"column":43}},"loc":{"start":{"line":196,"column":43},"end":{"line":208,"column":2}},"line":196},"13":{"name":"(anonymous_13)","decl":{"start":{"line":210,"column":27},"end":{"line":210,"column":28}},"loc":{"start":{"line":210,"column":46},"end":{"line":218,"column":null}},"line":210},"14":{"name":"(anonymous_14)","decl":{"start":{"line":220,"column":31},"end":{"line":220,"column":32}},"loc":{"start":{"line":220,"column":50},"end":{"line":230,"column":null}},"line":220},"15":{"name":"(anonymous_15)","decl":{"start":{"line":246,"column":9},"end":{"line":246,"column":15}},"loc":{"start":{"line":246,"column":15},"end":{"line":252,"column":2}},"line":246},"16":{"name":"(anonymous_16)","decl":{"start":{"line":254,"column":11},"end":{"line":254,"column":17}},"loc":{"start":{"line":254,"column":17},"end":{"line":260,"column":2}},"line":254},"17":{"name":"(anonymous_17)","decl":{"start":{"line":262,"column":28},"end":{"line":262,"column":29}},"loc":{"start":{"line":262,"column":62},"end":{"line":264,"column":null}},"line":262},"18":{"name":"(anonymous_18)","decl":{"start":{"line":263,"column":20},"end":{"line":263,"column":30}},"loc":{"start":{"line":263,"column":30},"end":{"line":263,"column":58}},"line":263},"19":{"name":"(anonymous_19)","decl":{"start":{"line":266,"column":21},"end":{"line":266,"column":27}},"loc":{"start":{"line":266,"column":27},"end":{"line":301,"column":null}},"line":266},"20":{"name":"(anonymous_20)","decl":{"start":{"line":269,"column":50},"end":{"line":269,"column":57}},"loc":{"start":{"line":269,"column":57},"end":{"line":275,"column":5}},"line":269},"21":{"name":"(anonymous_21)","decl":{"start":{"line":293,"column":14},"end":{"line":293,"column":20}},"loc":{"start":{"line":293,"column":20},"end":{"line":293,"column":46}},"line":293},"22":{"name":"(anonymous_22)","decl":{"start":{"line":303,"column":22},"end":{"line":303,"column":34}},"loc":{"start":{"line":303,"column":34},"end":{"line":319,"column":null}},"line":303},"23":{"name":"(anonymous_23)","decl":{"start":{"line":321,"column":26},"end":{"line":321,"column":33}},"loc":{"start":{"line":321,"column":83},"end":{"line":355,"column":null}},"line":321},"24":{"name":"(anonymous_24)","decl":{"start":{"line":323,"column":39},"end":{"line":323,"column":48}},"loc":{"start":{"line":323,"column":48},"end":{"line":323,"column":67}},"line":323},"25":{"name":"(anonymous_25)","decl":{"start":{"line":358,"column":23},"end":{"line":358,"column":24}},"loc":{"start":{"line":359,"column":2},"end":{"line":359,"column":null}},"line":359},"26":{"name":"(anonymous_26)","decl":{"start":{"line":368,"column":9},"end":{"line":368,"column":15}},"loc":{"start":{"line":368,"column":15},"end":{"line":371,"column":2}},"line":368},"27":{"name":"(anonymous_27)","decl":{"start":{"line":373,"column":11},"end":{"line":373,"column":17}},"loc":{"start":{"line":373,"column":17},"end":{"line":376,"column":2}},"line":373},"28":{"name":"(anonymous_28)","decl":{"start":{"line":378,"column":29},"end":{"line":378,"column":35}},"loc":{"start":{"line":378,"column":35},"end":{"line":378,"column":null}},"line":378},"29":{"name":"(anonymous_29)","decl":{"start":{"line":380,"column":20},"end":{"line":380,"column":21}},"loc":{"start":{"line":380,"column":93},"end":{"line":403,"column":null}},"line":380},"30":{"name":"(anonymous_30)","decl":{"start":{"line":405,"column":23},"end":{"line":405,"column":35}},"loc":{"start":{"line":405,"column":35},"end":{"line":436,"column":null}},"line":405},"31":{"name":"(anonymous_31)","decl":{"start":{"line":438,"column":29},"end":{"line":438,"column":36}},"loc":{"start":{"line":438,"column":57},"end":{"line":450,"column":null}},"line":438},"32":{"name":"(anonymous_32)","decl":{"start":{"line":452,"column":29},"end":{"line":452,"column":30}},"loc":{"start":{"line":452,"column":55},"end":{"line":455,"column":null}},"line":452},"33":{"name":"(anonymous_33)","decl":{"start":{"line":457,"column":30},"end":{"line":457,"column":31}},"loc":{"start":{"line":457,"column":71},"end":{"line":467,"column":null}},"line":457},"34":{"name":"(anonymous_34)","decl":{"start":{"line":469,"column":20},"end":{"line":469,"column":21}},"loc":{"start":{"line":469,"column":46},"end":{"line":477,"column":null}},"line":469}},"branchMap":{"0":{"loc":{"start":{"line":26,"column":1},"end":{"line":26,"column":null}},"type":"if","locations":[{"start":{"line":26,"column":1},"end":{"line":26,"column":null}},{"start":{},"end":{}}],"line":26},"1":{"loc":{"start":{"line":45,"column":1},"end":{"line":45,"column":null}},"type":"if","locations":[{"start":{"line":45,"column":1},"end":{"line":45,"column":null}},{"start":{},"end":{}}],"line":45},"2":{"loc":{"start":{"line":57,"column":3},"end":{"line":57,"column":null}},"type":"if","locations":[{"start":{"line":57,"column":3},"end":{"line":57,"column":null}},{"start":{},"end":{}}],"line":57},"3":{"loc":{"start":{"line":64,"column":1},"end":{"line":64,"column":null}},"type":"if","locations":[{"start":{"line":64,"column":1},"end":{"line":64,"column":null}},{"start":{},"end":{}}],"line":64},"4":{"loc":{"start":{"line":64,"column":5},"end":{"line":64,"column":27}},"type":"binary-expr","locations":[{"start":{"line":64,"column":5},"end":{"line":64,"column":15}},{"start":{"line":64,"column":15},"end":{"line":64,"column":27}}],"line":64},"5":{"loc":{"start":{"line":69,"column":2},"end":{"line":81,"column":null}},"type":"if","locations":[{"start":{"line":69,"column":2},"end":{"line":81,"column":null}}],"line":69},"6":{"loc":{"start":{"line":198,"column":2},"end":{"line":198,"column":null}},"type":"if","locations":[{"start":{"line":198,"column":2},"end":{"line":198,"column":null}},{"start":{},"end":{}}],"line":198},"7":{"loc":{"start":{"line":207,"column":29},"end":{"line":207,"column":48}},"type":"binary-expr","locations":[{"start":{"line":207,"column":29},"end":{"line":207,"column":44}},{"start":{"line":207,"column":44},"end":{"line":207,"column":48}}],"line":207},"8":{"loc":{"start":{"line":211,"column":2},"end":{"line":217,"column":null}},"type":"if","locations":[{"start":{"line":211,"column":2},"end":{"line":217,"column":null}},{"start":{"line":214,"column":9},"end":{"line":217,"column":null}}],"line":211},"9":{"loc":{"start":{"line":212,"column":3},"end":{"line":213,"column":null}},"type":"if","locations":[{"start":{"line":212,"column":3},"end":{"line":213,"column":null}},{"start":{"line":213,"column":8},"end":{"line":213,"column":null}}],"line":212},"10":{"loc":{"start":{"line":221,"column":2},"end":{"line":225,"column":null}},"type":"if","locations":[{"start":{"line":221,"column":2},"end":{"line":225,"column":null}},{"start":{},"end":{}}],"line":221},"11":{"loc":{"start":{"line":305,"column":17},"end":{"line":305,"column":null}},"type":"binary-expr","locations":[{"start":{"line":305,"column":17},"end":{"line":305,"column":45}},{"start":{"line":305,"column":45},"end":{"line":305,"column":null}}],"line":305},"12":{"loc":{"start":{"line":329,"column":3},"end":{"line":340,"column":null}},"type":"if","locations":[{"start":{"line":329,"column":3},"end":{"line":340,"column":null}},{"start":{"line":334,"column":10},"end":{"line":340,"column":null}}],"line":329},"13":{"loc":{"start":{"line":359,"column":2},"end":{"line":359,"column":null}},"type":"binary-expr","locations":[{"start":{"line":359,"column":2},"end":{"line":359,"column":18}},{"start":{"line":359,"column":18},"end":{"line":359,"column":46}},{"start":{"line":359,"column":46},"end":{"line":359,"column":null}}],"line":359},"14":{"loc":{"start":{"line":399,"column":2},"end":{"line":401,"column":null}},"type":"if","locations":[{"start":{"line":399,"column":2},"end":{"line":401,"column":null}},{"start":{},"end":{}}],"line":399},"15":{"loc":{"start":{"line":399,"column":6},"end":{"line":399,"column":38}},"type":"binary-expr","locations":[{"start":{"line":399,"column":6},"end":{"line":399,"column":23}},{"start":{"line":399,"column":23},"end":{"line":399,"column":38}}],"line":399},"16":{"loc":{"start":{"line":471,"column":2},"end":{"line":471,"column":null}},"type":"if","locations":[{"start":{"line":471,"column":2},"end":{"line":471,"column":null}},{"start":{},"end":{}}],"line":471},"17":{"loc":{"start":{"line":471,"column":6},"end":{"line":471,"column":30}},"type":"binary-expr","locations":[{"start":{"line":471,"column":6},"end":{"line":471,"column":20}},{"start":{"line":471,"column":20},"end":{"line":471,"column":30}}],"line":471},"18":{"loc":{"start":{"line":476,"column":9},"end":{"line":476,"column":null}},"type":"binary-expr","locations":[{"start":{"line":476,"column":9},"end":{"line":476,"column":20}},{"start":{"line"
[...]
,"/workspace/frontend/src/lib/sql-session-api.ts": {"path":"/workspace/frontend/src/lib/sql-session-api.ts","statementMap":{"0":{"start":{"line":4,"column":29},"end":{"line":71,"column":null}},"1":{"start":{"line":6,"column":14},"end":{"line":10,"column":null}},"2":{"start":{"line":11,"column":2},"end":{"line":13,"column":null}},"3":{"start":{"line":12,"column":3},"end":{"line":12,"column":null}},"4":{"start":{"line":14,"column":2},"end":{"line":14,"column":null}},"5":{"start":{"line":18,"column":14},"end":{"line":21,"column":null}},"6":{"start":{"line":22,"column":2},"end":{"line":24,"column":null}},"7":{"start":{"line":23,"column":3},"end":{"line":23,"column":null}},"8":{"start":{"line":25,"column":2},"end":{"line":25,"column":null}},"9":{"start":{"line":29,"column":14},"end":{"line":32,"column":null}},"10":{"start":{"line":33,"column":2},"end":{"line":35,"column":null}},"11":{"start":{"line":34,"column":3},"end":{"line":34,"column":null}},"12":{"start":{"line":36,"column":19},"end":{"line":36,"column":null}},"13":{"start":{"line":37,"column":2},"end":{"line":37,"column":null}},"14":{"start":{"line":46,"column":17},"end":{"line":49,"column":null}},"15":{"start":{"line":50,"column":14},"end":{"line":53,"column":null}},"16":{"start":{"line":54,"column":2},"end":{"line":56,"column":null}},"17":{"start":{"line":55,"column":3},"end":{"line":55,"column":null}},"18":{"start":{"line":57,"column":19},"end":{"line":57,"column":null}},"19":{"start":{"line":64,"column":2},"end":{"line":69,"column":null}}},"fnMap":{"0":{"name":"(anonymous_0)","decl":{"start":{"line":5,"column":7},"end":{"line":5,"column":14}},"loc":{"start":{"line":5,"column":65},"end":{"line":15,"column":null}},"line":5},"1":{"name":"(anonymous_1)","decl":{"start":{"line":17,"column":7},"end":{"line":17,"column":11}},"loc":{"start":{"line":17,"column":68},"end":{"line":26,"column":null}},"line":17},"2":{"name":"(anonymous_2)","decl":{"start":{"line":28,"column":7},"end":{"line":28,"column":13}},"loc":{"start":{"line":28,"column":66},"end":{"line":38,"column":null}},"line":28},"3":{"name":"(anonymous_3)","decl":{"start":{"line":40,"column":7},"end":{"line":40,"column":null}},"loc":{"start":{"line":45,"column":28},"end":{"line":70,"column":null}},"line":45}},"branchMap":{"0":{"loc":{"start":{"line":11,"column":2},"end":{"line":13,"column":null}},"type":"if","locations":[{"start":{"line":11,"column":2},"end":{"line":13,"column":null}},{"start":{},"end":{}}],"line":11},"1":{"loc":{"start":{"line":22,"column":2},"end":{"line":24,"column":null}},"type":"if","locations":[{"start":{"line":22,"column":2},"end":{"line":24,"column":null}},{"start":{},"end":{}}],"line":22},"2":{"loc":{"start":{"line":33,"column":2},"end":{"line":35,"column":null}},"type":"if","locations":[{"start":{"line":33,"column":2},"end":{"line":35,"column":null}},{"start":{},"end":{}}],"line":33},"3":{"loc":{"start":{"line":54,"column":2},"end":{"line":56,"column":null}},"type":"if","locations":[{"start":{"line":54,"column":2},"end":{"line":56,"column":null}},{"start":{},"end":{}}],"line":54}},"s":{"0":2,"1":5,"2":5,"3":1,"4":4,"5":2,"6":2,"7":1,"8":1,"9":2,"10":2,"11":1,"12":1,"13":1,"14":2,"15":2,"16":2,"17":1,"18":1,"19":2},"f":{"0":5,"1":2,"2":2,"3":2},"b":{"0":[1,4],"1":[1,1],"2":[1,1],"3":[1,1]},"meta":{"lastBranch":4,"lastFunction":4,"lastStatement":20,"seen":{"s:4:29:71:Infinity":0,"f:5:7:5:14":0,"s:6:14:10:Infinity":1,"b:11:2:13:Infinity:undefined:undefined:undefined:undefined":0,"s:11:2:13:Infinity":2,"s:12:3:12:Infinity":3,"s:14:2:14:Infinity":4,"f:17:7:17:11":1,"s:18:14:21:Infinity":5,"b:22:2:24:Infinity:undefined:undefined:undefined:undefined":1,"s:22:2:24:Infinity":6,"s:23:3:23:Infinity":7,"s:25:2:25:Infinity":8,"f:28:7:28:13":2,"s:29:14:32:Infinity":9,"b:33:2:35:Infinity:undefined:undefined:undefined:undefined":2,"s:33:2:35:Infinity":10,"s:34:3:34:Infinity":11,"s:36:19:36:Infinity":12,"s:37:2:37:Infinity":13,"f:40:7:40:Infinity":3,"s:46:17:49:Infinity":14,"s:50:14:53:Infinity":15,"b:54:2:56:Infinity:undefined:undefined:undefined:undefined":3,"s:54:2:56:Infinity":16,"s:55:3:55:Infinity":17,"s:57:19:57:Infinity":18,"s:64:2:69:Infinity":19}}}
,"/workspace/frontend/src/lib/sql.ts": {"path":"/workspace/frontend/src/lib/sql.ts","statementMap":{"0":{"start":{"line":14,"column":22},"end":{"line":14,"column":null}},"1":{"start":{"line":15,"column":1},"end":{"line":21,"column":null}},"2":{"start":{"line":19,"column":3},"end":{"line":19,"column":null}},"3":{"start":{"line":23,"column":21},"end":{"line":23,"column":null}},"4":{"start":{"line":24,"column":42},"end":{"line":24,"column":null}},"5":{"start":{"line":25,"column":1},"end":{"line":27,"column":null}},"6":{"start":{"line":26,"column":2},"end":{"line":26,"column":null}},"7":{"start":{"line":29,"column":1},"end":{"line":33,"column":null}},"8":{"start":{"line":35,"column":1},"end":{"line":35,"column":null}},"9":{"start":{"line":39,"column":35},"end":{"line":39,"column":null}},"10":{"start":{"line":43,"column":27},"end":{"line":43,"column":null}},"11":{"start":{"line":44,"column":17},"end":{"line":44,"column":null}},"12":{"start":{"line":45,"column":1},"end":{"line":53,"column":null}},"13":{"start":{"line":46,"column":2},"end":{"line":51,"column":null}},"14":{"start":{"line":52,"column":2},"end":{"line":52,"column":null}},"15":{"start":{"line":55,"column":21},"end":{"line":55,"column":null}},"16":{"start":{"line":56,"column":1},"end":{"line":63,"column":null}},"17":{"start":{"line":57,"column":2},"end":{"line":62,"column":null}},"18":{"start":{"line":65,"column":19},"end":{"line":65,"column":null}},"19":{"start":{"line":66,"column":1},"end":{"line":73,"column":null}},"20":{"start":{"line":67,"column":2},"end":{"line":72,"column":null}},"21":{"start":{"line":75,"column":24},"end":{"line":75,"column":null}},"22":{"start":{"line":79,"column":2},"end":{"line":86,"column":null}},"23":{"start":{"line":80,"column":3},"end":{"line":85,"column":null}},"24":{"start":{"line":91,"column":20},"end":{"line":91,"column":null}},"25":{"start":{"line":95,"column":2},"end":{"line":103,"column":null}},"26":{"start":{"line":96,"column":16},"end":{"line":96,"column":null}},"27":{"start":{"line":97,"column":3},"end":{"line":102,"column":null}},"28":{"start":{"line":108,"column":1},"end":{"line":108,"column":null}}},"fnMap":{"0":{"name":"buildSqlSchema","decl":{"start":{"line":13,"column":16},"end":{"line":13,"column":31}},"loc":{"start":{"line":13,"column":57},"end":{"line":36,"column":null}},"line":13},"1":{"name":"sqlLintDiagnostics","decl":{"start":{"line":38,"column":16},"end":{"line":38,"column":35}},"loc":{"start":{"line":38,"column":64},"end":{"line":109,"column":null}},"line":38}},"branchMap":{"0":{"loc":{"start":{"line":45,"column":1},"end":{"line":53,"column":null}},"type":"if","locations":[{"start":{"line":45,"column":1},"end":{"line":53,"column":null}},{"start":{},"end":{}}],"line":45},"1":{"loc":{"start":{"line":56,"column":1},"end":{"line":63,"column":null}},"type":"if","locations":[{"start":{"line":56,"column":1},"end":{"line":63,"column":null}},{"start":{},"end":{}}],"line":56},"2":{"loc":{"start":{"line":56,"column":5},"end":{"line":56,"column":57}},"type":"binary-expr","locations":[{"start":{"line":56,"column":5},"end":{"line":56,"column":43}},{"start":{"line":56,"column":43},"end":{"line":56,"column":57}}],"line":56},"3":{"loc":{"start":{"line":66,"column":1},"end":{"line":73,"column":null}},"type":"if","locations":[{"start":{"line":66,"column":1},"end":{"line":73,"column":null}},{"start":{},"end":{}}],"line":66},"4":{"loc":{"start":{"line":66,"column":5},"end":{"line":66,"column":53}},"type":"binary-expr","locations":[{"start":{"line":66,"column":5},"end":{"line":66,"column":41}},{"start":{"line":66,"column":41},"end":{"line":66,"column":53}}],"line":66},"5":{"loc":{"start":{"line":79,"column":2},"end":{"line":86,"column":null}},"type":"if","locations":[{"start":{"line":79,"column":2},"end":{"line":86,"column":null}},{"start":{},"end":{}}],"line":79},"6":{"loc":{"start":{"line":79,"column":6},"end":{"line":79,"column":66}},"type":"binary-expr","locations":[{"start":{"line":79,"column":6},"end":{"line":79,"column":31}},{"start":{"line":79,"column":31},"end":{"line":79,"column":66}}],"line":79},"7":{"loc":{"start":{"line":95,"column":2},"end":{"line":103,"column":null}},"type":"if","locations":[{"start":{"line":95,"column":2},"end":{"line":103,"column":null}},{"start":{},"end":{}}],"line":95},"8":{"loc":{"start":{"line":95,"column":6},"end":{"line":95,"column":57}},"type":"binary-expr","locations":[{"start":{"line":95,"column":6},"end":{"line":95,"column":20}},{"start":{"line":95,"column":20},"end":{"line":95,"column":57}}],"line":95}},"s":{"0":4,"1":4,"2":1,"3":4,"4":4,"5":4,"6":12,"7":4,"8":4,"9":7,"10":7,"11":7,"12":7,"13":1,"14":1,"15":6,"16":6,"17":1,"18":6,"19":6,"20":1,"21":6,"22":6,"23":1,"24":6,"25":6,"26":1,"27":1,"28":6},"f":{"0":4,"1":7},"b":{"0":[1,6],"1":[1,5],"2":[6,6],"3":[1,5],"4":[6,6],"5":[1,5],"6":[6,1],"7":[1,5],"8":[6,2]},"meta":{"lastBranch":9,"lastFunction":2,"lastStatement":29,"seen":{"f:13:16:13:31":0,"s:14:22:14:Infinity":0,"s:15:1:21:Infinity":1,"s:19:3:19:Infinity":2,"s:23:21:23:Infinity":3,"s:24:42:24:Infinity":4,"s:25:1:27:Infinity":5,"s:26:2:26:Infinity":6,"s:29:1:33:Infinity":7,"s:35:1:35:Infinity":8,"f:38:16:38:35":1,"s:39:35:39:Infinity":9,"s:43:27:43:Infinity":10,"s:44:17:44:Infinity":11,"b:45:1:53:Infinity:undefined:undefined:undefined:undefined":0,"s:45:1:53:Infinity":12,"s:46:2:51:Infinity":13,"s:52:2:52:Infinity":14,"s:55:21:55:Infinity":15,"b:56:1:63:Infinity:undefined:undefined:undefined:undefined":1,"s:56:1:63:Infinity":16,"b:56:5:56:43:56:43:56:57":2,"s:57:2:62:Infinity":17,"s:65:19:65:Infinity":18,"b:66:1:73:Infinity:undefined:undefined:undefined:undefined":3,"s:66:1:73:Infinity":19,"b:66:5:66:41:66:41:66:53":4,"s:67:2:72:Infinity":20,"s:75:24:75:Infinity":21,"b:79:2:86:Infinity:undefined:undefined:undefined:undefined":5,"s:79:2:86:Infinity":22,"b:79:6:79:31:79:31:79:66":6,"s:80:3:85:Infinity":23,"s:91:20:91:Infinity":24,"b:95:2:103:Infinity:undefined:undefined:undefined:undefined":7,"s:95:2:103:Infinity":25,"b:95:6:95:20:95:20:95:57":8,"s:96:16:96:Infinity":26,"s:97:3:102:Infinity":27,"s:108:1:108:Infinity":28}}}
,"/workspace/frontend/src/lib/ui-theme.ts": {"path":"/workspace/frontend/src/lib/ui-theme.ts","statementMap":{"0":{"start":{"line":8,"column":26},"end":{"line":8,"column":null}},"1":{"start":{"line":9,"column":25},"end":{"line":9,"column":null}},"2":{"start":{"line":10,"column":34},"end":{"line":10,"column":null}},"3":{"start":{"line":12,"column":20},"end":{"line":17,"column":null}},"4":{"start":{"line":16,"column":1},"end":{"line":16,"column":null}},"5":{"start":{"line":19,"column":24},"end":{"line":31,"column":null}},"6":{"start":{"line":20,"column":17},"end":{"line":20,"column":null}},"7":{"start":{"line":24,"column":15},"end":{"line":24,"column":null}},"8":{"start":{"line":30,"column":1},"end":{"line":30,"column":null}},"9":{"start":{"line":33,"column":23},"end":{"line":45,"column":null}},"10":{"start":{"line":34,"column":17},"end":{"line":34,"column":null}},"11":{"start":{"line":38,"column":15},"end":{"line":38,"column":null}},"12":{"start":{"line":44,"column":1},"end":{"line":44,"column":null}},"13":{"start":{"line":47,"column":31},"end":{"line":59,"column":null}},"14":{"start":{"line":48,"column":17},"end":{"line":48,"column":null}},"15":{"start":{"line":52,"column":15},"end":{"line":52,"column":null}},"16":{"start":{"line":58,"column":1},"end":{"line":58,"column":null}},"17":{"start":{"line":61,"column":26},"end":{"line":71,"column":null}},"18":{"start":{"line":73,"column":29},"end":{"line":81,"column":null}},"19":{"start":{"line":77,"column":14},"end":{"line":77,"column":null}},"20":{"start":{"line":78,"column":1},"end":{"line":78,"column":null}},"21":{"start":{"line":79,"column":1},"end":{"line":79,"column":null}},"22":{"start":{"line":80,"column":1},"end":{"line":80,"column":null}},"23":{"start":{"line":83,"column":6},"end":{"line":111,"column":null}},"24":{"start":{"line":84,"column":23},"end":{"line":84,"column":null}},"25":{"start":{"line":85,"column":21},"end":{"line":85,"column":null}},"26":{"start":{"line":86,"column":37},"end":{"line":88,"column":null}},"27":{"start":{"line":90,"column":1},"end":{"line":101,"column":null}},"28":{"start":{"line":91,"column":18},"end":{"line":91,"column":null}},"29":{"start":{"line":92,"column":20},"end":{"line":92,"column":null}},"30":{"start":{"line":93,"column":19},"end":{"line":93,"column":null}},"31":{"start":{"line":94,"column":27},"end":{"line":94,"column":null}},"32":{"start":{"line":96,"column":2},"end":{"line":96,"column":null}},"33":{"start":{"line":98,"column":2},"end":{"line":98,"column":null}},"34":{"start":{"line":99,"column":2},"end":{"line":99,"column":null}},"35":{"start":{"line":100,"column":2},"end":{"line":100,"column":null}},"36":{"start":{"line":103,"column":1},"end":{"line":110,"column":null}},"37":{"start":{"line":113,"column":23},"end":{"line":113,"column":null}},"38":{"start":{"line":114,"column":26},"end":{"line":114,"column":null}},"39":{"start":{"line":115,"column":25},"end":{"line":115,"column":null}},"40":{"start":{"line":116,"column":28},"end":{"line":116,"column":null}},"41":{"start":{"line":117,"column":28},"end":{"line":117,"column":null}},"42":{"start":{"line":118,"column":31},"end":{"line":118,"column":null}},"43":{"start":{"line":120,"column":33},"end":{"line":122,"column":null}},"44":{"start":{"line":121,"column":1},"end":{"line":121,"column":null}}},"fnMap":{"0":{"name":"(anonymous_0)","decl":{"start":{"line":12,"column":20},"end":{"line":12,"column":26}},"loc":{"start":{"line":12,"column":26},"end":{"line":17,"column":null}},"line":12},"1":{"name":"(anonymous_1)","decl":{"start":{"line":19,"column":24},"end":{"line":19,"column":46}},"loc":{"start":{"line":19,"column":46},"end":{"line":31,"column":null}},"line":19},"2":{"name":"(anonymous_2)","decl":{"start":{"line":33,"column":23},"end":{"line":33,"column":47}},"loc":{"start":{"line":33,"column":47},"end":{"line":45,"column":null}},"line":33},"3":{"name":"(anonymous_3)","decl":{"start":{"line":47,"column":31},"end":{"line":47,"column":58}},"loc":{"start":{"line":47,"column":58},"end":{"line":59,"column":null}},"line":47},"4":{"name":"(anonymous_4)","decl":{"start":{"line":61,"column":26},"end":{"line":61,"column":43}},"loc":{"start":{"line":61,"column":43},"end":{"line":71,"column":null}},"line":61},"5":{"name":"(anonymous_5)","decl":{"start":{"line":73,"column":29},"end":{"line":73,"column":30}},"loc":{"start":{"line":73,"column":94},"end":{"line":81,"column":null}},"line":73},"6":{"name":"(anonymous_6)","decl":{"start":{"line":83,"column":30},"end":{"line":83,"column":36}},"loc":{"start":{"line":83,"column":36},"end":{"line":111,"column":1}},"line":83},"7":{"name":"(anonymous_7)","decl":{"start":{"line":90,"column":14},"end":{"line":90,"column":20}},"loc":{"start":{"line":90,"column":20},"end":{"line":101,"column":2}},"line":90},"8":{"name":"(anonymous_8)","decl":{"start":{"line":120,"column":33},"end":{"line":120,"column":39}},"loc":{"start":{"line":120,"column":39},"end":{"line":122,"column":null}},"line":120}},"branchMap":{"0":{"loc":{"start":{"line":84,"column":49},"end":{"line":84,"column":83}},"type":"binary-expr","locations":[{"start":{"line":84,"column":49},"end":{"line":84,"column":70}},{"start":{"line":84,"column":70},"end":{"line":84,"column":83}}],"line":84},"1":{"loc":{"start":{"line":85,"column":49},"end":{"line":85,"column":88}},"type":"binary-expr","locations":[{"start":{"line":85,"column":49},"end":{"line":85,"column":69}},{"start":{"line":85,"column":69},"end":{"line":85,"column":88}}],"line":85},"2":{"loc":{"start":{"line":87,"column":2},"end":{"line":87,"column":null}},"type":"binary-expr","locations":[{"start":{"line":87,"column":2},"end":{"line":87,"column":30}},{"start":{"line":87,"column":30},"end":{"line":87,"column":null}}],"line":87}},"s":{"0":4,"1":4,"2":4,"3":4,"4":22,"5":4,"6":4,"7":4,"8":4,"9":4,"10":4,"11":4,"12":4,"13":4,"14":4,"15":4,"16":4,"17":4,"18":4,"19":11,"20":11,"21":11,"22":11,"23":4,"24":4,"25":4,"26":4,"27":4,"28":10,"29":10,"30":10,"31":10,"32":10,"33":10,"34":10,"35":10,"36":4,"37":4,"38":4,"39":4,"40":4,"41":4,"42":4,"43":4,"44":1},"f":{"0":22,"1":4,"2":4,"3":4,"4":4,"5":11,"6":4,"7":10,"8":1},"b":{"0":[4,4],"1":[4,4],"2":[4,4]},"meta":{"lastBranch":3,"lastFunction":9,"lastStatement":45,"seen":{"s:8:26:8:Infinity":0,"s:9:25:9:Infinity":1,"s:10:34:10:Infinity":2,"s:12:20:17:Infinity":3,"f:12:20:12:26":0,"s:16:1:16:Infinity":4,"s:19:24:31:Infinity":5,"f:19:24:19:46":1,"s:20:17:20:Infinity":6,"s:24:15:24:Infinity":7,"s:30:1:30:Infinity":8,"s:33:23:45:Infinity":9,"f:33:23:33:47":2,"s:34:17:34:Infinity":10,"s:38:15:38:Infinity":11,"s:44:1:44:Infinity":12,"s:47:31:59:Infinity":13,"f:47:31:47:58":3,"s:48:17:48:Infinity":14,"s:52:15:52:Infinity":15,"s:58:1:58:Infinity":16,"s:61:26:71:Infinity":17,"f:61:26:61:43":4,"s:73:29:81:Infinity":18,"f:73:29:73:30":5,"s:77:14:77:Infinity":19,"s:78:1:78:Infinity":20,"s:79:1:79:Infinity":21,"s:80:1:80:Infinity":22,"s:83:6:111:Infinity":23,"f:83:30:83:36":6,"s:84:23:84:Infinity":24,"b:84:49:84:70:84:70:84:83":0,"s:85:21:85:Infinity":25,"b:85:49:85:69:85:69:85:88":1,"s:86:37:88:Infinity":26,"b:87:2:87:30:87:30:87:Infinity":2,"s:90:1:101:Infinity":27,"f:90:14:90:20":7,"s:91:18:91:Infinity":28,"s:92:20:92:Infinity":29,"s:93:19:93:Infinity":30,"s:94:27:94:Infinity":31,"s:96:2:96:Infinity":32,"s:98:2:98:Infinity":33,"s:99:2:99:Infinity":34,"s:100:2:100:Infinity":35,"s:103:1:110:Infinity":36,"s:113:23:113:Infinity":37,"s:114:26:114:Infinity":38,"s:115:25:115:Infinity":39,"s:116:28:116:Infinity":40,"s:117:28:117:Infinity":41,"s:118:31:118:Infinity":42,"s:120:33:122:Infinity":43,"f:120:33:120:39":8,"s:121:1:121:Infinity":44}}}
,"/workspace/frontend/src/themes/color-registry.ts": {"path":"/workspace/frontend/src/themes/color-registry.ts","statementMap":{"0":{"start":{"line":9,"column":56},"end":{"line":11,"column":null}}},"fnMap":{},"branchMap":{},"s":{"0":5},"f":{},"b":{},"meta":{"lastBranch":0,"lastFunction":0,"lastStatement":1,"seen":{"s:9:56:11:Infinity":0}}}
,"/workspace/frontend/src/themes/registry.ts": {"path":"/workspace/frontend/src/themes/registry.ts","statementMap":{"0":{"start":{"line":9,"column":44},"end":{"line":9,"column":null}}},"fnMap":{},"branchMap":{},"s":{"0":5},"f":{},"b":{},"meta":{"lastBranch":0,"lastFunction":0,"lastStatement":1,"seen":{"s:9:44:9:Infinity":0}}}
,"/workspace/frontend/src/themes/tokens.ts": {"path":"/workspace/frontend/src/themes/tokens.ts","statementMap":{"0":{"start":{"line":1,"column":37},"end":{"line":38,"column":null}}},"fnMap":{},"branchMap":{},"s":{"0":1},"f":{},"b":{},"meta":{"lastBranch":0,"lastFunction":0,"lastStatement":1,"seen":{"s:1:37:38:Infinity":0}}}
}
